{"C:\\Users\\noteb\\OneDrive\\Documentos\\Dev Joanna\\GrowTwitter-BackEnd2\\src\\express.server.ts": {"path":"C:\\Users\\noteb\\OneDrive\\Documentos\\Dev Joanna\\GrowTwitter-BackEnd2\\src\\express.server.ts","statementMap":{"0":{"start":{"line":1,"column":0},"end":{"line":1,"column":24}},"1":{"start":{"line":2,"column":0},"end":{"line":2,"column":30}},"2":{"start":{"line":3,"column":0},"end":{"line":3,"column":38}},"3":{"start":{"line":5,"column":28},"end":{"line":14,"column":1}},"4":{"start":{"line":6,"column":14},"end":{"line":6,"column":23}},"5":{"start":{"line":8,"column":2},"end":{"line":8,"column":33}},"6":{"start":{"line":9,"column":2},"end":{"line":9,"column":26}},"7":{"start":{"line":11,"column":2},"end":{"line":11,"column":18}},"8":{"start":{"line":13,"column":2},"end":{"line":13,"column":13}},"9":{"start":{"line":5,"column":13},"end":{"line":5,"column":28}}},"fnMap":{"0":{"name":"(anonymous_1)","decl":{"start":{"line":5,"column":28},"end":{"line":5,"column":31}},"loc":{"start":{"line":5,"column":33},"end":{"line":14,"column":1}}}},"branchMap":{},"s":{"0":15,"1":15,"2":15,"3":15,"4":15,"5":15,"6":15,"7":15,"8":15,"9":15},"f":{"0":15},"b":{}}
,"C:\\Users\\noteb\\OneDrive\\Documentos\\Dev Joanna\\GrowTwitter-BackEnd2\\src\\controllers\\auth.controller.ts": {"path":"C:\\Users\\noteb\\OneDrive\\Documentos\\Dev Joanna\\GrowTwitter-BackEnd2\\src\\controllers\\auth.controller.ts","statementMap":{"0":{"start":{"line":2,"column":0},"end":{"line":2,"column":55}},"1":{"start":{"line":7,"column":4},"end":{"line":31,"column":5}},"2":{"start":{"line":9,"column":50},"end":{"line":9,"column":58}},"3":{"start":{"line":11,"column":30},"end":{"line":16,"column":8}},"4":{"start":{"line":18,"column":22},"end":{"line":18,"column":39}},"5":{"start":{"line":20,"column":21},"end":{"line":20,"column":47}},"6":{"start":{"line":22,"column":36},"end":{"line":22,"column":42}},"7":{"start":{"line":24,"column":6},"end":{"line":24,"column":38}},"8":{"start":{"line":27,"column":6},"end":{"line":30,"column":9}},"9":{"start":{"line":35,"column":4},"end":{"line":48,"column":5}},"10":{"start":{"line":36,"column":44},"end":{"line":36,"column":52}},"11":{"start":{"line":38,"column":22},"end":{"line":38,"column":39}},"12":{"start":{"line":39,"column":21},"end":{"line":39,"column":71}},"13":{"start":{"line":41,"column":36},"end":{"line":41,"column":42}},"14":{"start":{"line":42,"column":6},"end":{"line":42,"column":38}},"15":{"start":{"line":44,"column":6},"end":{"line":47,"column":9}},"16":{"start":{"line":5,"column":0},"end":{"line":5,"column":13}}},"fnMap":{"0":{"name":"(anonymous_0)","decl":{"start":{"line":6,"column":9},"end":{"line":6,"column":15}},"loc":{"start":{"line":6,"column":56},"end":{"line":32,"column":3}}},"1":{"name":"(anonymous_1)","decl":{"start":{"line":34,"column":9},"end":{"line":34,"column":15}},"loc":{"start":{"line":34,"column":55},"end":{"line":49,"column":3}}}},"branchMap":{},"s":{"0":15,"1":2,"2":2,"3":2,"4":2,"5":2,"6":1,"7":1,"8":1,"9":2,"10":2,"11":2,"12":2,"13":1,"14":1,"15":1,"16":15},"f":{"0":2,"1":2},"b":{}}
,"C:\\Users\\noteb\\OneDrive\\Documentos\\Dev Joanna\\GrowTwitter-BackEnd2\\src\\controllers\\tweet.controller.ts": {"path":"C:\\Users\\noteb\\OneDrive\\Documentos\\Dev Joanna\\GrowTwitter-BackEnd2\\src\\controllers\\tweet.controller.ts","statementMap":{"0":{"start":{"line":3,"column":0},"end":{"line":3,"column":57}},"1":{"start":{"line":7,"column":4},"end":{"line":28,"column":5}},"2":{"start":{"line":8,"column":47},"end":{"line":8,"column":55}},"3":{"start":{"line":9,"column":29},"end":{"line":9,"column":41}},"4":{"start":{"line":11,"column":35},"end":{"line":16,"column":8}},"5":{"start":{"line":18,"column":22},"end":{"line":18,"column":40}},"6":{"start":{"line":19,"column":21},"end":{"line":19,"column":47}},"7":{"start":{"line":21,"column":36},"end":{"line":21,"column":42}},"8":{"start":{"line":22,"column":6},"end":{"line":22,"column":38}},"9":{"start":{"line":24,"column":6},"end":{"line":27,"column":9}},"10":{"start":{"line":32,"column":4},"end":{"line":49,"column":5}},"11":{"start":{"line":33,"column":37},"end":{"line":33,"column":46}},"12":{"start":{"line":35,"column":22},"end":{"line":35,"column":40}},"13":{"start":{"line":36,"column":21},"end":{"line":40,"column":8}},"14":{"start":{"line":42,"column":36},"end":{"line":42,"column":42}},"15":{"start":{"line":43,"column":6},"end":{"line":43,"column":38}},"16":{"start":{"line":45,"column":6},"end":{"line":48,"column":9}},"17":{"start":{"line":53,"column":4},"end":{"line":71,"column":5}},"18":{"start":{"line":54,"column":37},"end":{"line":54,"column":46}},"19":{"start":{"line":55,"column":29},"end":{"line":55,"column":41}},"20":{"start":{"line":57,"column":22},"end":{"line":57,"column":40}},"21":{"start":{"line":58,"column":21},"end":{"line":62,"column":8}},"22":{"start":{"line":64,"column":36},"end":{"line":64,"column":42}},"23":{"start":{"line":65,"column":6},"end":{"line":65,"column":38}},"24":{"start":{"line":67,"column":6},"end":{"line":70,"column":9}},"25":{"start":{"line":75,"column":4},"end":{"line":88,"column":5}},"26":{"start":{"line":76,"column":26},"end":{"line":76,"column":36}},"27":{"start":{"line":77,"column":22},"end":{"line":77,"column":40}},"28":{"start":{"line":79,"column":21},"end":{"line":79,"column":51}},"29":{"start":{"line":80,"column":36},"end":{"line":80,"column":42}},"30":{"start":{"line":82,"column":6},"end":{"line":82,"column":38}},"31":{"start":{"line":84,"column":6},"end":{"line":87,"column":9}},"32":{"start":{"line":92,"column":4},"end":{"line":107,"column":5}},"33":{"start":{"line":93,"column":26},"end":{"line":93,"column":36}},"34":{"start":{"line":94,"column":29},"end":{"line":94,"column":41}},"35":{"start":{"line":95,"column":26},"end":{"line":95,"column":34}},"36":{"start":{"line":97,"column":22},"end":{"line":97,"column":40}},"37":{"start":{"line":98,"column":21},"end":{"line":98,"column":71}},"38":{"start":{"line":100,"column":36},"end":{"line":100,"column":42}},"39":{"start":{"line":101,"column":6},"end":{"line":101,"column":38}},"40":{"start":{"line":103,"column":6},"end":{"line":106,"column":9}},"41":{"start":{"line":111,"column":4},"end":{"line":125,"column":5}},"42":{"start":{"line":112,"column":26},"end":{"line":112,"column":36}},"43":{"start":{"line":113,"column":29},"end":{"line":113,"column":41}},"44":{"start":{"line":115,"column":22},"end":{"line":115,"column":40}},"45":{"start":{"line":116,"column":21},"end":{"line":116,"column":62}},"46":{"start":{"line":118,"column":36},"end":{"line":118,"column":42}},"47":{"start":{"line":119,"column":6},"end":{"line":119,"column":38}},"48":{"start":{"line":121,"column":6},"end":{"line":124,"column":9}},"49":{"start":{"line":129,"column":4},"end":{"line":143,"column":5}},"50":{"start":{"line":130,"column":29},"end":{"line":130,"column":41}},"51":{"start":{"line":131,"column":22},"end":{"line":131,"column":35}},"52":{"start":{"line":133,"column":22},"end":{"line":133,"column":40}},"53":{"start":{"line":134,"column":21},"end":{"line":134,"column":60}},"54":{"start":{"line":136,"column":36},"end":{"line":136,"column":42}},"55":{"start":{"line":137,"column":6},"end":{"line":137,"column":38}},"56":{"start":{"line":139,"column":6},"end":{"line":142,"column":9}},"57":{"start":{"line":147,"column":4},"end":{"line":161,"column":5}},"58":{"start":{"line":148,"column":29},"end":{"line":148,"column":41}},"59":{"start":{"line":149,"column":22},"end":{"line":149,"column":35}},"60":{"start":{"line":151,"column":22},"end":{"line":151,"column":40}},"61":{"start":{"line":152,"column":21},"end":{"line":152,"column":63}},"62":{"start":{"line":154,"column":36},"end":{"line":154,"column":42}},"63":{"start":{"line":155,"column":6},"end":{"line":155,"column":38}},"64":{"start":{"line":157,"column":6},"end":{"line":160,"column":9}},"65":{"start":{"line":5,"column":0},"end":{"line":5,"column":13}}},"fnMap":{"0":{"name":"(anonymous_0)","decl":{"start":{"line":6,"column":9},"end":{"line":6,"column":15}},"loc":{"start":{"line":6,"column":56},"end":{"line":29,"column":3}}},"1":{"name":"(anonymous_1)","decl":{"start":{"line":31,"column":9},"end":{"line":31,"column":15}},"loc":{"start":{"line":31,"column":57},"end":{"line":50,"column":3}}},"2":{"name":"(anonymous_2)","decl":{"start":{"line":52,"column":9},"end":{"line":52,"column":15}},"loc":{"start":{"line":52,"column":58},"end":{"line":72,"column":3}}},"3":{"name":"(anonymous_3)","decl":{"start":{"line":74,"column":9},"end":{"line":74,"column":15}},"loc":{"start":{"line":74,"column":57},"end":{"line":89,"column":3}}},"4":{"name":"(anonymous_4)","decl":{"start":{"line":91,"column":9},"end":{"line":91,"column":15}},"loc":{"start":{"line":91,"column":56},"end":{"line":108,"column":3}}},"5":{"name":"(anonymous_5)","decl":{"start":{"line":110,"column":9},"end":{"line":110,"column":15}},"loc":{"start":{"line":110,"column":56},"end":{"line":126,"column":3}}},"6":{"name":"(anonymous_6)","decl":{"start":{"line":128,"column":9},"end":{"line":128,"column":15}},"loc":{"start":{"line":128,"column":54},"end":{"line":144,"column":3}}},"7":{"name":"(anonymous_7)","decl":{"start":{"line":146,"column":9},"end":{"line":146,"column":15}},"loc":{"start":{"line":146,"column":57},"end":{"line":162,"column":3}}}},"branchMap":{"0":{"loc":{"start":{"line":37,"column":14},"end":{"line":37,"column":49}},"type":"cond-expr","locations":[{"start":{"line":37,"column":21},"end":{"line":37,"column":37}},{"start":{"line":37,"column":40},"end":{"line":37,"column":49}}]},"1":{"loc":{"start":{"line":38,"column":14},"end":{"line":38,"column":45}},"type":"cond-expr","locations":[{"start":{"line":38,"column":21},"end":{"line":38,"column":33}},{"start":{"line":38,"column":36},"end":{"line":38,"column":45}}]},"2":{"loc":{"start":{"line":39,"column":16},"end":{"line":39,"column":51}},"type":"cond-expr","locations":[{"start":{"line":39,"column":25},"end":{"line":39,"column":39}},{"start":{"line":39,"column":42},"end":{"line":39,"column":51}}]},"3":{"loc":{"start":{"line":59,"column":14},"end":{"line":59,"column":49}},"type":"cond-expr","locations":[{"start":{"line":59,"column":21},"end":{"line":59,"column":37}},{"start":{"line":59,"column":40},"end":{"line":59,"column":49}}]},"4":{"loc":{"start":{"line":60,"column":14},"end":{"line":60,"column":45}},"type":"cond-expr","locations":[{"start":{"line":60,"column":21},"end":{"line":60,"column":33}},{"start":{"line":60,"column":36},"end":{"line":60,"column":45}}]},"5":{"loc":{"start":{"line":61,"column":16},"end":{"line":61,"column":51}},"type":"cond-expr","locations":[{"start":{"line":61,"column":25},"end":{"line":61,"column":39}},{"start":{"line":61,"column":42},"end":{"line":61,"column":51}}]}},"s":{"0":15,"1":2,"2":2,"3":2,"4":2,"5":2,"6":2,"7":1,"8":1,"9":1,"10":4,"11":4,"12":4,"13":4,"14":3,"15":3,"16":1,"17":3,"18":3,"19":3,"20":3,"21":3,"22":2,"23":2,"24":1,"25":2,"26":2,"27":2,"28":2,"29":1,"30":1,"31":1,"32":2,"33":2,"34":2,"35":2,"36":2,"37":2,"38":1,"39":1,"40":1,"41":2,"42":2,"43":2,"44":2,"45":2,"46":1,"47":1,"48":1,"49":3,"50":3,"51":3,"52":3,"53":3,"54":2,"55":2,"56":1,"57":3,"58":3,"59":3,"60":3,"61":3,"62":2,"63":2,"64":1,"65":15},"f":{"0":2,"1":4,"2":3,"3":2,"4":2,"5":2,"6":3,"7":3},"b":{"0":[1,3],"1":[1,3],"2":[1,3],"3":[1,2],"4":[1,2],"5":[0,3]}}
,"C:\\Users\\noteb\\OneDrive\\Documentos\\Dev Joanna\\GrowTwitter-BackEnd2\\src\\controllers\\user.controller.ts": {"path":"C:\\Users\\noteb\\OneDrive\\Documentos\\Dev Joanna\\GrowTwitter-BackEnd2\\src\\controllers\\user.controller.ts","statementMap":{"0":{"start":{"line":2,"column":0},"end":{"line":2,"column":55}},"1":{"start":{"line":7,"column":4},"end":{"line":24,"column":5}},"2":{"start":{"line":10,"column":8},"end":{"line":10,"column":75}},"3":{"start":{"line":13,"column":22},"end":{"line":13,"column":39}},"4":{"start":{"line":14,"column":21},"end":{"line":14,"column":51}},"5":{"start":{"line":17,"column":36},"end":{"line":17,"column":42}},"6":{"start":{"line":18,"column":6},"end":{"line":18,"column":38}},"7":{"start":{"line":20,"column":6},"end":{"line":23,"column":9}},"8":{"start":{"line":29,"column":4},"end":{"line":45,"column":5}},"9":{"start":{"line":31,"column":21},"end":{"line":31,"column":31}},"10":{"start":{"line":33,"column":22},"end":{"line":33,"column":39}},"11":{"start":{"line":35,"column":21},"end":{"line":35,"column":46}},"12":{"start":{"line":37,"column":36},"end":{"line":37,"column":42}},"13":{"start":{"line":39,"column":6},"end":{"line":39,"column":38}},"14":{"start":{"line":41,"column":6},"end":{"line":44,"column":9}},"15":{"start":{"line":50,"column":4},"end":{"line":72,"column":5}},"16":{"start":{"line":51,"column":21},"end":{"line":51,"column":31}},"17":{"start":{"line":52,"column":29},"end":{"line":52,"column":41}},"18":{"start":{"line":53,"column":59},"end":{"line":53,"column":67}},"19":{"start":{"line":55,"column":22},"end":{"line":55,"column":39}},"20":{"start":{"line":56,"column":21},"end":{"line":63,"column":8}},"21":{"start":{"line":65,"column":36},"end":{"line":65,"column":42}},"22":{"start":{"line":66,"column":6},"end":{"line":66,"column":38}},"23":{"start":{"line":68,"column":6},"end":{"line":71,"column":9}},"24":{"start":{"line":77,"column":4},"end":{"line":91,"column":5}},"25":{"start":{"line":78,"column":21},"end":{"line":78,"column":31}},"26":{"start":{"line":79,"column":29},"end":{"line":79,"column":41}},"27":{"start":{"line":81,"column":22},"end":{"line":81,"column":39}},"28":{"start":{"line":82,"column":21},"end":{"line":82,"column":57}},"29":{"start":{"line":84,"column":36},"end":{"line":84,"column":42}},"30":{"start":{"line":85,"column":6},"end":{"line":85,"column":38}},"31":{"start":{"line":87,"column":6},"end":{"line":90,"column":9}},"32":{"start":{"line":96,"column":4},"end":{"line":110,"column":5}},"33":{"start":{"line":97,"column":29},"end":{"line":97,"column":41}},"34":{"start":{"line":98,"column":21},"end":{"line":98,"column":31}},"35":{"start":{"line":100,"column":22},"end":{"line":100,"column":39}},"36":{"start":{"line":101,"column":21},"end":{"line":101,"column":57}},"37":{"start":{"line":103,"column":36},"end":{"line":103,"column":42}},"38":{"start":{"line":104,"column":6},"end":{"line":104,"column":38}},"39":{"start":{"line":106,"column":6},"end":{"line":109,"column":9}},"40":{"start":{"line":4,"column":0},"end":{"line":4,"column":13}}},"fnMap":{"0":{"name":"(anonymous_0)","decl":{"start":{"line":6,"column":9},"end":{"line":6,"column":15}},"loc":{"start":{"line":6,"column":58},"end":{"line":25,"column":3}}},"1":{"name":"(anonymous_1)","decl":{"start":{"line":28,"column":9},"end":{"line":28,"column":15}},"loc":{"start":{"line":28,"column":57},"end":{"line":46,"column":3}}},"2":{"name":"(anonymous_2)","decl":{"start":{"line":49,"column":9},"end":{"line":49,"column":15}},"loc":{"start":{"line":49,"column":56},"end":{"line":73,"column":3}}},"3":{"name":"(anonymous_3)","decl":{"start":{"line":76,"column":9},"end":{"line":76,"column":15}},"loc":{"start":{"line":76,"column":56},"end":{"line":92,"column":3}}},"4":{"name":"(anonymous_4)","decl":{"start":{"line":95,"column":9},"end":{"line":95,"column":15}},"loc":{"start":{"line":95,"column":56},"end":{"line":111,"column":3}}}},"branchMap":{"0":{"loc":{"start":{"line":10,"column":8},"end":{"line":10,"column":75}},"type":"cond-expr","locations":[{"start":{"line":10,"column":47},"end":{"line":10,"column":63}},{"start":{"line":10,"column":66},"end":{"line":10,"column":75}}]}},"s":{"0":15,"1":3,"2":3,"3":3,"4":3,"5":2,"6":2,"7":1,"8":2,"9":2,"10":2,"11":2,"12":1,"13":1,"14":1,"15":2,"16":2,"17":2,"18":2,"19":2,"20":2,"21":1,"22":1,"23":1,"24":2,"25":2,"26":2,"27":2,"28":2,"29":1,"30":1,"31":1,"32":3,"33":3,"34":3,"35":3,"36":3,"37":2,"38":2,"39":1,"40":15},"f":{"0":3,"1":2,"2":2,"3":2,"4":3},"b":{"0":[1,2]}}
,"C:\\Users\\noteb\\OneDrive\\Documentos\\Dev Joanna\\GrowTwitter-BackEnd2\\src\\middlewares\\tweet.middleware.ts": {"path":"C:\\Users\\noteb\\OneDrive\\Documentos\\Dev Joanna\\GrowTwitter-BackEnd2\\src\\middlewares\\tweet.middleware.ts","statementMap":{"0":{"start":{"line":9,"column":45},"end":{"line":9,"column":53}},"1":{"start":{"line":10,"column":29},"end":{"line":10,"column":31}},"2":{"start":{"line":12,"column":4},"end":{"line":14,"column":5}},"3":{"start":{"line":13,"column":6},"end":{"line":13,"column":44}},"4":{"start":{"line":15,"column":4},"end":{"line":20,"column":5}},"5":{"start":{"line":19,"column":6},"end":{"line":19,"column":70}},"6":{"start":{"line":21,"column":4},"end":{"line":28,"column":5}},"7":{"start":{"line":27,"column":6},"end":{"line":27,"column":72}},"8":{"start":{"line":29,"column":4},"end":{"line":34,"column":5}},"9":{"start":{"line":33,"column":6},"end":{"line":33,"column":41}},"10":{"start":{"line":35,"column":4},"end":{"line":41,"column":5}},"11":{"start":{"line":36,"column":6},"end":{"line":39,"column":9}},"12":{"start":{"line":40,"column":6},"end":{"line":40,"column":13}},"13":{"start":{"line":42,"column":4},"end":{"line":42,"column":11}},"14":{"start":{"line":46,"column":35},"end":{"line":46,"column":43}},"15":{"start":{"line":47,"column":35},"end":{"line":47,"column":44}},"16":{"start":{"line":48,"column":29},"end":{"line":48,"column":31}},"17":{"start":{"line":50,"column":4},"end":{"line":57,"column":5}},"18":{"start":{"line":56,"column":6},"end":{"line":56,"column":64}},"19":{"start":{"line":58,"column":4},"end":{"line":60,"column":5}},"20":{"start":{"line":59,"column":6},"end":{"line":59,"column":46}},"21":{"start":{"line":61,"column":4},"end":{"line":63,"column":5}},"22":{"start":{"line":62,"column":6},"end":{"line":62,"column":43}},"23":{"start":{"line":64,"column":4},"end":{"line":66,"column":5}},"24":{"start":{"line":65,"column":6},"end":{"line":65,"column":43}},"25":{"start":{"line":67,"column":4},"end":{"line":69,"column":5}},"26":{"start":{"line":68,"column":6},"end":{"line":68,"column":50}},"27":{"start":{"line":71,"column":4},"end":{"line":77,"column":5}},"28":{"start":{"line":72,"column":6},"end":{"line":75,"column":9}},"29":{"start":{"line":76,"column":6},"end":{"line":76,"column":13}},"30":{"start":{"line":78,"column":4},"end":{"line":78,"column":11}},"31":{"start":{"line":86,"column":24},"end":{"line":86,"column":32}},"32":{"start":{"line":88,"column":4},"end":{"line":94,"column":5}},"33":{"start":{"line":89,"column":6},"end":{"line":92,"column":9}},"34":{"start":{"line":93,"column":6},"end":{"line":93,"column":13}},"35":{"start":{"line":95,"column":4},"end":{"line":95,"column":11}},"36":{"start":{"line":3,"column":0},"end":{"line":3,"column":13}}},"fnMap":{"0":{"name":"(anonymous_0)","decl":{"start":{"line":4,"column":9},"end":{"line":4,"column":15}},"loc":{"start":{"line":7,"column":22},"end":{"line":43,"column":3}}},"1":{"name":"(anonymous_1)","decl":{"start":{"line":45,"column":9},"end":{"line":45,"column":15}},"loc":{"start":{"line":45,"column":77},"end":{"line":79,"column":3}}},"2":{"name":"(anonymous_2)","decl":{"start":{"line":81,"column":9},"end":{"line":81,"column":15}},"loc":{"start":{"line":84,"column":22},"end":{"line":96,"column":3}}}},"branchMap":{"0":{"loc":{"start":{"line":12,"column":4},"end":{"line":14,"column":5}},"type":"if","locations":[{"start":{"line":12,"column":4},"end":{"line":14,"column":5}}]},"1":{"loc":{"start":{"line":15,"column":4},"end":{"line":20,"column":5}},"type":"if","locations":[{"start":{"line":15,"column":4},"end":{"line":20,"column":5}}]},"2":{"loc":{"start":{"line":16,"column":6},"end":{"line":17,"column":57}},"type":"binary-expr","locations":[{"start":{"line":16,"column":7},"end":{"line":16,"column":16}},{"start":{"line":16,"column":20},"end":{"line":16,"column":41}},{"start":{"line":17,"column":7},"end":{"line":17,"column":16}},{"start":{"line":17,"column":20},"end":{"line":17,"column":43}},{"start":{"line":17,"column":47},"end":{"line":17,"column":56}}]},"3":{"loc":{"start":{"line":21,"column":4},"end":{"line":28,"column":5}},"type":"if","locations":[{"start":{"line":21,"column":4},"end":{"line":28,"column":5}}]},"4":{"loc":{"start":{"line":22,"column":6},"end":{"line":25,"column":29}},"type":"binary-expr","locations":[{"start":{"line":22,"column":6},"end":{"line":22,"column":14}},{"start":{"line":23,"column":6},"end":{"line":23,"column":15}},{"start":{"line":24,"column":6},"end":{"line":24,"column":27}},{"start":{"line":25,"column":6},"end":{"line":25,"column":29}}]},"5":{"loc":{"start":{"line":29,"column":4},"end":{"line":34,"column":5}},"type":"if","locations":[{"start":{"line":29,"column":4},"end":{"line":34,"column":5}}]},"6":{"loc":{"start":{"line":30,"column":6},"end":{"line":31,"column":66}},"type":"binary-expr","locations":[{"start":{"line":30,"column":6},"end":{"line":30,"column":14}},{"start":{"line":31,"column":7},"end":{"line":31,"column":34}},{"start":{"line":31,"column":38},"end":{"line":31,"column":65}}]},"7":{"loc":{"start":{"line":35,"column":4},"end":{"line":41,"column":5}},"type":"if","locations":[{"start":{"line":35,"column":4},"end":{"line":41,"column":5}}]},"8":{"loc":{"start":{"line":50,"column":4},"end":{"line":57,"column":5}},"type":"if","locations":[{"start":{"line":50,"column":4},"end":{"line":57,"column":5}}]},"9":{"loc":{"start":{"line":51,"column":6},"end":{"line":54,"column":29}},"type":"binary-expr","locations":[{"start":{"line":51,"column":6},"end":{"line":51,"column":15}},{"start":{"line":52,"column":6},"end":{"line":52,"column":27}},{"start":{"line":53,"column":6},"end":{"line":53,"column":27}},{"start":{"line":54,"column":6},"end":{"line":54,"column":29}}]},"10":{"loc":{"start":{"line":58,"column":4},"end":{"line":60,"column":5}},"type":"if","locations":[{"start":{"line":58,"column":4},"end":{"line":60,"column":5}}]},"11":{"loc":{"start":{"line":61,"column":4},"end":{"line":63,"column":5}},"type":"if","locations":[{"start":{"line":61,"column":4},"end":{"line":63,"column":5}}]},"12":{"loc":{"start":{"line":61,"column":8},"end":{"line":61,"column":40}},"type":"binary-expr","locations":[{"start":{"line":61,"column":8},"end":{"line":61,"column":12}},{"start":{"line":61,"column":16},"end":{"line":61,"column":40}}]},"13":{"loc":{"start":{"line":64,"column":4},"end":{"line":66,"column":5}},"type":"if","locations":[{"start":{"line":64,"column":4},"end":{"line":66,"column":5}}]},"14":{"loc":{"start":{"line":64,"column":8},"end":{"line":64,"column":40}},"type":"binary-expr","locations":[{"start":{"line":64,"column":8},"end":{"line":64,"column":12}},{"start":{"line":64,"column":16},"end":{"line":64,"column":40}}]},"15":{"loc":{"start":{"line":67,"column":4},"end":{"line":69,"column":5}},"type":"if","locations":[{"start":{"line":67,"column":4},"end":{"line":69,"column":5}}]},"16":{"loc":{"start":{"line":67,"column":8},"end":{"line":67,"column":44}},"type":"binary-expr","locations":[{"start":{"line":67,"column":8},"end":{"line":67,"column":14}},{"start":{"line":67,"column":18},"end":{"line":67,"column":44}}]},"17":{"loc":{"start":{"line":71,"column":4},"end":{"line":77,"column":5}},"type":"if","locations":[{"start":{"line":71,"column":4},"end":{"line":77,"column":5}}]},"18":{"loc":{"start":{"line":88,"column":4},"end":{"line":94,"column":5}},"type":"if","locations":[{"start":{"line":88,"column":4},"end":{"line":94,"column":5}}]}},"s":{"0":10,"1":10,"2":10,"3":1,"4":10,"5":1,"6":10,"7":2,"8":10,"9":1,"10":10,"11":5,"12":5,"13":5,"14":9,"15":9,"16":9,"17":9,"18":2,"19":9,"20":2,"21":9,"22":0,"23":9,"24":0,"25":9,"26":0,"27":9,"28":4,"29":4,"30":5,"31":5,"32":5,"33":1,"34":1,"35":4,"36":15},"f":{"0":10,"1":9,"2":5},"b":{"0":[1],"1":[1],"2":[10,9,9,8,0],"3":[2],"4":[10,2,2,2],"5":[1],"6":[10,9,8],"7":[5],"8":[2],"9":[9,9,2,2],"10":[2],"11":[0],"12":[9,0],"13":[0],"14":[9,0],"15":[0],"16":[9,0],"17":[4],"18":[1]}}
,"C:\\Users\\noteb\\OneDrive\\Documentos\\Dev Joanna\\GrowTwitter-BackEnd2\\src\\middlewares\\user.middleware.ts": {"path":"C:\\Users\\noteb\\OneDrive\\Documentos\\Dev Joanna\\GrowTwitter-BackEnd2\\src\\middlewares\\user.middleware.ts","statementMap":{"0":{"start":{"line":5,"column":41},"end":{"line":5,"column":49}},"1":{"start":{"line":6,"column":29},"end":{"line":6,"column":31}},"2":{"start":{"line":8,"column":4},"end":{"line":10,"column":5}},"3":{"start":{"line":9,"column":6},"end":{"line":9,"column":43}},"4":{"start":{"line":11,"column":4},"end":{"line":16,"column":5}},"5":{"start":{"line":12,"column":26},"end":{"line":12,"column":52}},"6":{"start":{"line":13,"column":6},"end":{"line":15,"column":7}},"7":{"start":{"line":14,"column":8},"end":{"line":14,"column":51}},"8":{"start":{"line":17,"column":4},"end":{"line":19,"column":5}},"9":{"start":{"line":18,"column":6},"end":{"line":18,"column":47}},"10":{"start":{"line":20,"column":4},"end":{"line":22,"column":5}},"11":{"start":{"line":21,"column":6},"end":{"line":21,"column":47}},"12":{"start":{"line":24,"column":4},"end":{"line":30,"column":5}},"13":{"start":{"line":25,"column":6},"end":{"line":28,"column":9}},"14":{"start":{"line":29,"column":6},"end":{"line":29,"column":13}},"15":{"start":{"line":32,"column":4},"end":{"line":32,"column":11}},"16":{"start":{"line":40,"column":41},"end":{"line":40,"column":49}},"17":{"start":{"line":41,"column":23},"end":{"line":41,"column":32}},"18":{"start":{"line":43,"column":29},"end":{"line":43,"column":31}},"19":{"start":{"line":45,"column":4},"end":{"line":47,"column":5}},"20":{"start":{"line":46,"column":6},"end":{"line":46,"column":61}},"21":{"start":{"line":49,"column":4},"end":{"line":51,"column":5}},"22":{"start":{"line":50,"column":6},"end":{"line":50,"column":65}},"23":{"start":{"line":53,"column":4},"end":{"line":55,"column":5}},"24":{"start":{"line":54,"column":6},"end":{"line":54,"column":65}},"25":{"start":{"line":57,"column":4},"end":{"line":59,"column":5}},"26":{"start":{"line":58,"column":6},"end":{"line":58,"column":46}},"27":{"start":{"line":61,"column":4},"end":{"line":67,"column":5}},"28":{"start":{"line":62,"column":6},"end":{"line":65,"column":9}},"29":{"start":{"line":66,"column":6},"end":{"line":66,"column":13}},"30":{"start":{"line":69,"column":4},"end":{"line":69,"column":11}},"31":{"start":{"line":3,"column":0},"end":{"line":3,"column":13}}},"fnMap":{"0":{"name":"(anonymous_0)","decl":{"start":{"line":4,"column":2},"end":{"line":4,"column":8}},"loc":{"start":{"line":4,"column":70},"end":{"line":33,"column":3}}},"1":{"name":"(anonymous_1)","decl":{"start":{"line":35,"column":9},"end":{"line":35,"column":15}},"loc":{"start":{"line":38,"column":22},"end":{"line":70,"column":3}}}},"branchMap":{"0":{"loc":{"start":{"line":8,"column":4},"end":{"line":10,"column":5}},"type":"if","locations":[{"start":{"line":8,"column":4},"end":{"line":10,"column":5}}]},"1":{"loc":{"start":{"line":8,"column":8},"end":{"line":8,"column":40}},"type":"binary-expr","locations":[{"start":{"line":8,"column":8},"end":{"line":8,"column":12}},{"start":{"line":8,"column":16},"end":{"line":8,"column":40}}]},"2":{"loc":{"start":{"line":11,"column":4},"end":{"line":16,"column":5}},"type":"if","locations":[{"start":{"line":11,"column":4},"end":{"line":16,"column":5}}]},"3":{"loc":{"start":{"line":11,"column":8},"end":{"line":11,"column":40}},"type":"binary-expr","locations":[{"start":{"line":11,"column":8},"end":{"line":11,"column":12}},{"start":{"line":11,"column":16},"end":{"line":11,"column":40}}]},"4":{"loc":{"start":{"line":13,"column":6},"end":{"line":15,"column":7}},"type":"if","locations":[{"start":{"line":13,"column":6},"end":{"line":15,"column":7}}]},"5":{"loc":{"start":{"line":17,"column":4},"end":{"line":19,"column":5}},"type":"if","locations":[{"start":{"line":17,"column":4},"end":{"line":19,"column":5}}]},"6":{"loc":{"start":{"line":17,"column":8},"end":{"line":17,"column":48}},"type":"binary-expr","locations":[{"start":{"line":17,"column":8},"end":{"line":17,"column":16}},{"start":{"line":17,"column":20},"end":{"line":17,"column":48}}]},"7":{"loc":{"start":{"line":20,"column":4},"end":{"line":22,"column":5}},"type":"if","locations":[{"start":{"line":20,"column":4},"end":{"line":22,"column":5}}]},"8":{"loc":{"start":{"line":20,"column":8},"end":{"line":20,"column":48}},"type":"binary-expr","locations":[{"start":{"line":20,"column":8},"end":{"line":20,"column":16}},{"start":{"line":20,"column":20},"end":{"line":20,"column":48}}]},"9":{"loc":{"start":{"line":24,"column":4},"end":{"line":30,"column":5}},"type":"if","locations":[{"start":{"line":24,"column":4},"end":{"line":30,"column":5}}]},"10":{"loc":{"start":{"line":45,"column":4},"end":{"line":47,"column":5}},"type":"if","locations":[{"start":{"line":45,"column":4},"end":{"line":47,"column":5}}]},"11":{"loc":{"start":{"line":45,"column":8},"end":{"line":45,"column":31}},"type":"binary-expr","locations":[{"start":{"line":45,"column":8},"end":{"line":45,"column":12}},{"start":{"line":45,"column":16},"end":{"line":45,"column":31}}]},"12":{"loc":{"start":{"line":49,"column":4},"end":{"line":51,"column":5}},"type":"if","locations":[{"start":{"line":49,"column":4},"end":{"line":51,"column":5}}]},"13":{"loc":{"start":{"line":49,"column":8},"end":{"line":49,"column":39}},"type":"binary-expr","locations":[{"start":{"line":49,"column":8},"end":{"line":49,"column":16}},{"start":{"line":49,"column":20},"end":{"line":49,"column":39}}]},"14":{"loc":{"start":{"line":53,"column":4},"end":{"line":55,"column":5}},"type":"if","locations":[{"start":{"line":53,"column":4},"end":{"line":55,"column":5}}]},"15":{"loc":{"start":{"line":53,"column":8},"end":{"line":53,"column":39}},"type":"binary-expr","locations":[{"start":{"line":53,"column":8},"end":{"line":53,"column":16}},{"start":{"line":53,"column":20},"end":{"line":53,"column":39}}]},"16":{"loc":{"start":{"line":57,"column":4},"end":{"line":59,"column":5}},"type":"if","locations":[{"start":{"line":57,"column":4},"end":{"line":59,"column":5}}]},"17":{"loc":{"start":{"line":57,"column":8},"end":{"line":57,"column":66}},"type":"binary-expr","locations":[{"start":{"line":57,"column":8},"end":{"line":57,"column":14}},{"start":{"line":57,"column":18},"end":{"line":57,"column":44}},{"start":{"line":57,"column":48},"end":{"line":57,"column":66}}]},"18":{"loc":{"start":{"line":61,"column":4},"end":{"line":67,"column":5}},"type":"if","locations":[{"start":{"line":61,"column":4},"end":{"line":67,"column":5}}]}},"s":{"0":5,"1":5,"2":5,"3":1,"4":5,"5":2,"6":2,"7":1,"8":5,"9":0,"10":5,"11":0,"12":5,"13":2,"14":2,"15":3,"16":3,"17":3,"18":3,"19":3,"20":1,"21":3,"22":0,"23":3,"24":0,"25":3,"26":0,"27":3,"28":1,"29":1,"30":2,"31":15},"f":{"0":5,"1":3},"b":{"0":[1],"1":[5,3],"2":[2],"3":[5,3],"4":[1],"5":[0],"6":[5,1],"7":[0],"8":[5,0],"9":[2],"10":[1],"11":[3,1],"12":[0],"13":[3,1],"14":[0],"15":[3,0],"16":[0],"17":[3,0,0],"18":[1]}}
,"C:\\Users\\noteb\\OneDrive\\Documentos\\Dev Joanna\\GrowTwitter-BackEnd2\\src\\middlewares\\validate-uuid.middleware.ts": {"path":"C:\\Users\\noteb\\OneDrive\\Documentos\\Dev Joanna\\GrowTwitter-BackEnd2\\src\\middlewares\\validate-uuid.middleware.ts","statementMap":{"0":{"start":{"line":5,"column":19},"end":{"line":5,"column":29}},"1":{"start":{"line":6,"column":33},"end":{"line":6,"column":41}},"2":{"start":{"line":9,"column":6},"end":{"line":9,"column":71}},"3":{"start":{"line":11,"column":4},"end":{"line":17,"column":5}},"4":{"start":{"line":12,"column":6},"end":{"line":15,"column":9}},"5":{"start":{"line":16,"column":6},"end":{"line":16,"column":13}},"6":{"start":{"line":20,"column":4},"end":{"line":26,"column":5}},"7":{"start":{"line":21,"column":6},"end":{"line":24,"column":9}},"8":{"start":{"line":25,"column":6},"end":{"line":25,"column":13}},"9":{"start":{"line":27,"column":4},"end":{"line":33,"column":5}},"10":{"start":{"line":28,"column":6},"end":{"line":31,"column":9}},"11":{"start":{"line":32,"column":6},"end":{"line":32,"column":13}},"12":{"start":{"line":35,"column":4},"end":{"line":35,"column":11}},"13":{"start":{"line":3,"column":0},"end":{"line":3,"column":13}}},"fnMap":{"0":{"name":"(anonymous_0)","decl":{"start":{"line":4,"column":2},"end":{"line":4,"column":8}},"loc":{"start":{"line":4,"column":65},"end":{"line":36,"column":3}}}},"branchMap":{"0":{"loc":{"start":{"line":11,"column":4},"end":{"line":17,"column":5}},"type":"if","locations":[{"start":{"line":11,"column":4},"end":{"line":17,"column":5}}]},"1":{"loc":{"start":{"line":20,"column":4},"end":{"line":26,"column":5}},"type":"if","locations":[{"start":{"line":20,"column":4},"end":{"line":26,"column":5}}]},"2":{"loc":{"start":{"line":20,"column":8},"end":{"line":20,"column":45}},"type":"binary-expr","locations":[{"start":{"line":20,"column":8},"end":{"line":20,"column":16}},{"start":{"line":20,"column":20},"end":{"line":20,"column":45}}]},"3":{"loc":{"start":{"line":27,"column":4},"end":{"line":33,"column":5}},"type":"if","locations":[{"start":{"line":27,"column":4},"end":{"line":33,"column":5}}]},"4":{"loc":{"start":{"line":27,"column":8},"end":{"line":27,"column":41}},"type":"binary-expr","locations":[{"start":{"line":27,"column":8},"end":{"line":27,"column":14}},{"start":{"line":27,"column":18},"end":{"line":27,"column":41}}]}},"s":{"0":35,"1":35,"2":35,"3":35,"4":9,"5":9,"6":26,"7":0,"8":0,"9":26,"10":0,"11":0,"12":26,"13":15},"f":{"0":35},"b":{"0":[9],"1":[0],"2":[26,0],"3":[0],"4":[26,0]}}
,"C:\\Users\\noteb\\OneDrive\\Documentos\\Dev Joanna\\GrowTwitter-BackEnd2\\src\\middlewares\\auth\\auth.middleware.ts": {"path":"C:\\Users\\noteb\\OneDrive\\Documentos\\Dev Joanna\\GrowTwitter-BackEnd2\\src\\middlewares\\auth\\auth.middleware.ts","statementMap":{"0":{"start":{"line":2,"column":0},"end":{"line":2,"column":38}},"1":{"start":{"line":11,"column":26},"end":{"line":11,"column":51}},"2":{"start":{"line":13,"column":4},"end":{"line":19,"column":5}},"3":{"start":{"line":14,"column":6},"end":{"line":17,"column":9}},"4":{"start":{"line":18,"column":6},"end":{"line":18,"column":13}},"5":{"start":{"line":23,"column":18},"end":{"line":23,"column":45}},"6":{"start":{"line":25,"column":4},"end":{"line":31,"column":5}},"7":{"start":{"line":26,"column":6},"end":{"line":29,"column":9}},"8":{"start":{"line":30,"column":6},"end":{"line":30,"column":13}},"9":{"start":{"line":33,"column":16},"end":{"line":33,"column":25}},"10":{"start":{"line":35,"column":24},"end":{"line":35,"column":46}},"11":{"start":{"line":37,"column":4},"end":{"line":43,"column":5}},"12":{"start":{"line":38,"column":6},"end":{"line":41,"column":9}},"13":{"start":{"line":42,"column":6},"end":{"line":42,"column":13}},"14":{"start":{"line":45,"column":4},"end":{"line":50,"column":6}},"15":{"start":{"line":52,"column":4},"end":{"line":52,"column":11}},"16":{"start":{"line":4,"column":0},"end":{"line":4,"column":13}}},"fnMap":{"0":{"name":"(anonymous_0)","decl":{"start":{"line":5,"column":9},"end":{"line":5,"column":15}},"loc":{"start":{"line":8,"column":22},"end":{"line":53,"column":3}}}},"branchMap":{"0":{"loc":{"start":{"line":13,"column":4},"end":{"line":19,"column":5}},"type":"if","locations":[{"start":{"line":13,"column":4},"end":{"line":19,"column":5}}]},"1":{"loc":{"start":{"line":25,"column":4},"end":{"line":31,"column":5}},"type":"if","locations":[{"start":{"line":25,"column":4},"end":{"line":31,"column":5}}]},"2":{"loc":{"start":{"line":25,"column":8},"end":{"line":25,"column":53}},"type":"binary-expr","locations":[{"start":{"line":25,"column":8},"end":{"line":25,"column":14}},{"start":{"line":25,"column":18},"end":{"line":25,"column":53}}]},"3":{"loc":{"start":{"line":37,"column":4},"end":{"line":43,"column":5}},"type":"if","locations":[{"start":{"line":37,"column":4},"end":{"line":43,"column":5}}]}},"s":{"0":15,"1":81,"2":81,"3":11,"4":11,"5":70,"6":70,"7":11,"8":11,"9":59,"10":59,"11":59,"12":11,"13":11,"14":48,"15":48,"16":15},"f":{"0":81},"b":{"0":[11],"1":[11],"2":[70,59],"3":[11]}}
,"C:\\Users\\noteb\\OneDrive\\Documentos\\Dev Joanna\\GrowTwitter-BackEnd2\\src\\middlewares\\auth\\login.middleware.ts": {"path":"C:\\Users\\noteb\\OneDrive\\Documentos\\Dev Joanna\\GrowTwitter-BackEnd2\\src\\middlewares\\auth\\login.middleware.ts","statementMap":{"0":{"start":{"line":9,"column":42},"end":{"line":9,"column":50}},"1":{"start":{"line":11,"column":4},"end":{"line":17,"column":5}},"2":{"start":{"line":12,"column":6},"end":{"line":15,"column":9}},"3":{"start":{"line":16,"column":6},"end":{"line":16,"column":13}},"4":{"start":{"line":19,"column":4},"end":{"line":25,"column":5}},"5":{"start":{"line":20,"column":6},"end":{"line":23,"column":9}},"6":{"start":{"line":24,"column":6},"end":{"line":24,"column":13}},"7":{"start":{"line":27,"column":4},"end":{"line":27,"column":11}},"8":{"start":{"line":31,"column":42},"end":{"line":31,"column":50}},"9":{"start":{"line":33,"column":4},"end":{"line":43,"column":5}},"10":{"start":{"line":38,"column":6},"end":{"line":41,"column":9}},"11":{"start":{"line":42,"column":6},"end":{"line":42,"column":13}},"12":{"start":{"line":45,"column":4},"end":{"line":45,"column":11}},"13":{"start":{"line":3,"column":0},"end":{"line":3,"column":13}}},"fnMap":{"0":{"name":"(anonymous_0)","decl":{"start":{"line":4,"column":9},"end":{"line":4,"column":15}},"loc":{"start":{"line":7,"column":22},"end":{"line":28,"column":3}}},"1":{"name":"(anonymous_1)","decl":{"start":{"line":30,"column":9},"end":{"line":30,"column":15}},"loc":{"start":{"line":30,"column":77},"end":{"line":46,"column":3}}}},"branchMap":{"0":{"loc":{"start":{"line":11,"column":4},"end":{"line":17,"column":5}},"type":"if","locations":[{"start":{"line":11,"column":4},"end":{"line":17,"column":5}}]},"1":{"loc":{"start":{"line":11,"column":8},"end":{"line":11,"column":27}},"type":"binary-expr","locations":[{"start":{"line":11,"column":8},"end":{"line":11,"column":14}},{"start":{"line":11,"column":18},"end":{"line":11,"column":27}}]},"2":{"loc":{"start":{"line":19,"column":4},"end":{"line":25,"column":5}},"type":"if","locations":[{"start":{"line":19,"column":4},"end":{"line":25,"column":5}}]},"3":{"loc":{"start":{"line":33,"column":4},"end":{"line":43,"column":5}},"type":"if","locations":[{"start":{"line":33,"column":4},"end":{"line":43,"column":5}}]},"4":{"loc":{"start":{"line":34,"column":6},"end":{"line":36,"column":34}},"type":"binary-expr","locations":[{"start":{"line":34,"column":6},"end":{"line":34,"column":31}},{"start":{"line":35,"column":6},"end":{"line":35,"column":34}},{"start":{"line":36,"column":6},"end":{"line":36,"column":34}}]}},"s":{"0":5,"1":5,"2":1,"3":1,"4":4,"5":1,"6":1,"7":3,"8":3,"9":3,"10":1,"11":1,"12":2,"13":15},"f":{"0":5,"1":3},"b":{"0":[1],"1":[5,4],"2":[1],"3":[1],"4":[3,3,3]}}
,"C:\\Users\\noteb\\OneDrive\\Documentos\\Dev Joanna\\GrowTwitter-BackEnd2\\src\\middlewares\\auth\\signup.midleware.ts": {"path":"C:\\Users\\noteb\\OneDrive\\Documentos\\Dev Joanna\\GrowTwitter-BackEnd2\\src\\middlewares\\auth\\signup.midleware.ts","statementMap":{"0":{"start":{"line":9,"column":48},"end":{"line":9,"column":56}},"1":{"start":{"line":10,"column":29},"end":{"line":10,"column":31}},"2":{"start":{"line":12,"column":4},"end":{"line":14,"column":5}},"3":{"start":{"line":13,"column":6},"end":{"line":13,"column":38}},"4":{"start":{"line":15,"column":4},"end":{"line":17,"column":5}},"5":{"start":{"line":16,"column":6},"end":{"line":16,"column":39}},"6":{"start":{"line":18,"column":4},"end":{"line":20,"column":5}},"7":{"start":{"line":19,"column":6},"end":{"line":19,"column":42}},"8":{"start":{"line":21,"column":4},"end":{"line":23,"column":5}},"9":{"start":{"line":22,"column":6},"end":{"line":22,"column":42}},"10":{"start":{"line":25,"column":4},"end":{"line":31,"column":5}},"11":{"start":{"line":26,"column":6},"end":{"line":29,"column":9}},"12":{"start":{"line":30,"column":6},"end":{"line":30,"column":13}},"13":{"start":{"line":32,"column":4},"end":{"line":32,"column":11}},"14":{"start":{"line":36,"column":48},"end":{"line":36,"column":56}},"15":{"start":{"line":39,"column":4},"end":{"line":50,"column":5}},"16":{"start":{"line":45,"column":6},"end":{"line":48,"column":9}},"17":{"start":{"line":49,"column":6},"end":{"line":49,"column":13}},"18":{"start":{"line":51,"column":4},"end":{"line":51,"column":11}},"19":{"start":{"line":59,"column":48},"end":{"line":59,"column":56}},"20":{"start":{"line":60,"column":29},"end":{"line":60,"column":31}},"21":{"start":{"line":62,"column":4},"end":{"line":64,"column":5}},"22":{"start":{"line":63,"column":6},"end":{"line":63,"column":61}},"23":{"start":{"line":67,"column":23},"end":{"line":67,"column":51}},"24":{"start":{"line":68,"column":4},"end":{"line":70,"column":5}},"25":{"start":{"line":69,"column":6},"end":{"line":69,"column":35}},"26":{"start":{"line":72,"column":4},"end":{"line":74,"column":5}},"27":{"start":{"line":73,"column":6},"end":{"line":73,"column":65}},"28":{"start":{"line":76,"column":4},"end":{"line":78,"column":5}},"29":{"start":{"line":77,"column":6},"end":{"line":77,"column":65}},"30":{"start":{"line":80,"column":4},"end":{"line":86,"column":5}},"31":{"start":{"line":81,"column":6},"end":{"line":84,"column":9}},"32":{"start":{"line":85,"column":6},"end":{"line":85,"column":13}},"33":{"start":{"line":87,"column":4},"end":{"line":87,"column":11}},"34":{"start":{"line":3,"column":0},"end":{"line":3,"column":13}}},"fnMap":{"0":{"name":"(anonymous_0)","decl":{"start":{"line":4,"column":9},"end":{"line":4,"column":15}},"loc":{"start":{"line":7,"column":22},"end":{"line":33,"column":3}}},"1":{"name":"(anonymous_1)","decl":{"start":{"line":35,"column":9},"end":{"line":35,"column":15}},"loc":{"start":{"line":35,"column":77},"end":{"line":52,"column":3}}},"2":{"name":"(anonymous_2)","decl":{"start":{"line":54,"column":9},"end":{"line":54,"column":15}},"loc":{"start":{"line":57,"column":22},"end":{"line":88,"column":3}}}},"branchMap":{"0":{"loc":{"start":{"line":12,"column":4},"end":{"line":14,"column":5}},"type":"if","locations":[{"start":{"line":12,"column":4},"end":{"line":14,"column":5}}]},"1":{"loc":{"start":{"line":15,"column":4},"end":{"line":17,"column":5}},"type":"if","locations":[{"start":{"line":15,"column":4},"end":{"line":17,"column":5}}]},"2":{"loc":{"start":{"line":18,"column":4},"end":{"line":20,"column":5}},"type":"if","locations":[{"start":{"line":18,"column":4},"end":{"line":20,"column":5}}]},"3":{"loc":{"start":{"line":21,"column":4},"end":{"line":23,"column":5}},"type":"if","locations":[{"start":{"line":21,"column":4},"end":{"line":23,"column":5}}]},"4":{"loc":{"start":{"line":25,"column":4},"end":{"line":31,"column":5}},"type":"if","locations":[{"start":{"line":25,"column":4},"end":{"line":31,"column":5}}]},"5":{"loc":{"start":{"line":39,"column":4},"end":{"line":50,"column":5}},"type":"if","locations":[{"start":{"line":39,"column":4},"end":{"line":50,"column":5}}]},"6":{"loc":{"start":{"line":40,"column":6},"end":{"line":43,"column":34}},"type":"binary-expr","locations":[{"start":{"line":40,"column":6},"end":{"line":40,"column":30}},{"start":{"line":41,"column":6},"end":{"line":41,"column":31}},{"start":{"line":42,"column":6},"end":{"line":42,"column":34}},{"start":{"line":43,"column":6},"end":{"line":43,"column":34}}]},"7":{"loc":{"start":{"line":62,"column":4},"end":{"line":64,"column":5}},"type":"if","locations":[{"start":{"line":62,"column":4},"end":{"line":64,"column":5}}]},"8":{"loc":{"start":{"line":68,"column":4},"end":{"line":70,"column":5}},"type":"if","locations":[{"start":{"line":68,"column":4},"end":{"line":70,"column":5}}]},"9":{"loc":{"start":{"line":72,"column":4},"end":{"line":74,"column":5}},"type":"if","locations":[{"start":{"line":72,"column":4},"end":{"line":74,"column":5}}]},"10":{"loc":{"start":{"line":76,"column":4},"end":{"line":78,"column":5}},"type":"if","locations":[{"start":{"line":76,"column":4},"end":{"line":78,"column":5}}]},"11":{"loc":{"start":{"line":80,"column":4},"end":{"line":86,"column":5}},"type":"if","locations":[{"start":{"line":80,"column":4},"end":{"line":86,"column":5}}]}},"s":{"0":11,"1":11,"2":11,"3":1,"4":11,"5":1,"6":11,"7":1,"8":11,"9":1,"10":11,"11":4,"12":4,"13":7,"14":7,"15":7,"16":1,"17":1,"18":6,"19":6,"20":6,"21":6,"22":1,"23":6,"24":6,"25":1,"26":6,"27":1,"28":6,"29":1,"30":6,"31":4,"32":4,"33":2,"34":15},"f":{"0":11,"1":7,"2":6},"b":{"0":[1],"1":[1],"2":[1],"3":[1],"4":[4],"5":[1],"6":[7,6,6,6],"7":[1],"8":[1],"9":[1],"10":[1],"11":[4]}}
,"C:\\Users\\noteb\\OneDrive\\Documentos\\Dev Joanna\\GrowTwitter-BackEnd2\\src\\routes\\auth.routes.ts": {"path":"C:\\Users\\noteb\\OneDrive\\Documentos\\Dev Joanna\\GrowTwitter-BackEnd2\\src\\routes\\auth.routes.ts","statementMap":{"0":{"start":{"line":1,"column":0},"end":{"line":1,"column":33}},"1":{"start":{"line":2,"column":0},"end":{"line":2,"column":71}},"2":{"start":{"line":3,"column":0},"end":{"line":3,"column":64}},"3":{"start":{"line":4,"column":0},"end":{"line":4,"column":72}},"4":{"start":{"line":8,"column":19},"end":{"line":8,"column":27}},"5":{"start":{"line":10,"column":4},"end":{"line":18,"column":6}},"6":{"start":{"line":20,"column":4},"end":{"line":24,"column":6}},"7":{"start":{"line":26,"column":4},"end":{"line":26,"column":18}},"8":{"start":{"line":6,"column":0},"end":{"line":6,"column":13}}},"fnMap":{"0":{"name":"(anonymous_0)","decl":{"start":{"line":7,"column":9},"end":{"line":7,"column":15}},"loc":{"start":{"line":7,"column":23},"end":{"line":27,"column":3}}}},"branchMap":{},"s":{"0":15,"1":15,"2":15,"3":15,"4":15,"5":15,"6":15,"7":15,"8":15},"f":{"0":15},"b":{}}
,"C:\\Users\\noteb\\OneDrive\\Documentos\\Dev Joanna\\GrowTwitter-BackEnd2\\src\\routes\\index.ts": {"path":"C:\\Users\\noteb\\OneDrive\\Documentos\\Dev Joanna\\GrowTwitter-BackEnd2\\src\\routes\\index.ts","statementMap":{"0":{"start":{"line":2,"column":0},"end":{"line":2,"column":43}},"1":{"start":{"line":3,"column":0},"end":{"line":3,"column":46}},"2":{"start":{"line":4,"column":0},"end":{"line":4,"column":43}},"3":{"start":{"line":5,"column":0},"end":{"line":5,"column":43}},"4":{"start":{"line":6,"column":0},"end":{"line":6,"column":45}},"5":{"start":{"line":9,"column":26},"end":{"line":23,"column":1}},"6":{"start":{"line":10,"column":2},"end":{"line":15,"column":5}},"7":{"start":{"line":11,"column":4},"end":{"line":14,"column":7}},"8":{"start":{"line":17,"column":2},"end":{"line":17,"column":36}},"9":{"start":{"line":18,"column":2},"end":{"line":18,"column":48}},"10":{"start":{"line":20,"column":2},"end":{"line":20,"column":32}},"11":{"start":{"line":21,"column":2},"end":{"line":21,"column":32}},"12":{"start":{"line":22,"column":2},"end":{"line":22,"column":33}},"13":{"start":{"line":9,"column":13},"end":{"line":9,"column":26}}},"fnMap":{"0":{"name":"(anonymous_1)","decl":{"start":{"line":9,"column":26},"end":{"line":9,"column":27}},"loc":{"start":{"line":9,"column":43},"end":{"line":23,"column":1}}},"1":{"name":"(anonymous_2)","decl":{"start":{"line":10,"column":15},"end":{"line":10,"column":16}},"loc":{"start":{"line":10,"column":47},"end":{"line":15,"column":3}}}},"branchMap":{},"s":{"0":15,"1":15,"2":15,"3":15,"4":15,"5":15,"6":15,"7":0,"8":15,"9":15,"10":15,"11":15,"12":15,"13":15},"f":{"0":15,"1":0},"b":{}}
,"C:\\Users\\noteb\\OneDrive\\Documentos\\Dev Joanna\\GrowTwitter-BackEnd2\\src\\routes\\tweet.routes.ts": {"path":"C:\\Users\\noteb\\OneDrive\\Documentos\\Dev Joanna\\GrowTwitter-BackEnd2\\src\\routes\\tweet.routes.ts","statementMap":{"0":{"start":{"line":1,"column":0},"end":{"line":1,"column":33}},"1":{"start":{"line":2,"column":0},"end":{"line":2,"column":66}},"2":{"start":{"line":3,"column":0},"end":{"line":3,"column":69}},"3":{"start":{"line":4,"column":0},"end":{"line":4,"column":66}},"4":{"start":{"line":5,"column":0},"end":{"line":5,"column":81}},"5":{"start":{"line":9,"column":19},"end":{"line":9,"column":27}},"6":{"start":{"line":12,"column":4},"end":{"line":21,"column":6}},"7":{"start":{"line":23,"column":4},"end":{"line":23,"column":51}},"8":{"start":{"line":26,"column":4},"end":{"line":30,"column":6}},"9":{"start":{"line":33,"column":4},"end":{"line":37,"column":6}},"10":{"start":{"line":40,"column":4},"end":{"line":49,"column":6}},"11":{"start":{"line":52,"column":4},"end":{"line":56,"column":6}},"12":{"start":{"line":59,"column":4},"end":{"line":63,"column":6}},"13":{"start":{"line":66,"column":4},"end":{"line":70,"column":6}},"14":{"start":{"line":72,"column":4},"end":{"line":72,"column":18}},"15":{"start":{"line":7,"column":0},"end":{"line":7,"column":13}}},"fnMap":{"0":{"name":"(anonymous_0)","decl":{"start":{"line":8,"column":9},"end":{"line":8,"column":15}},"loc":{"start":{"line":8,"column":23},"end":{"line":73,"column":3}}}},"branchMap":{},"s":{"0":15,"1":15,"2":15,"3":15,"4":15,"5":15,"6":15,"7":15,"8":15,"9":15,"10":15,"11":15,"12":15,"13":15,"14":15,"15":15},"f":{"0":15},"b":{}}
,"C:\\Users\\noteb\\OneDrive\\Documentos\\Dev Joanna\\GrowTwitter-BackEnd2\\src\\routes\\user.routes.ts": {"path":"C:\\Users\\noteb\\OneDrive\\Documentos\\Dev Joanna\\GrowTwitter-BackEnd2\\src\\routes\\user.routes.ts","statementMap":{"0":{"start":{"line":1,"column":0},"end":{"line":1,"column":33}},"1":{"start":{"line":2,"column":0},"end":{"line":2,"column":64}},"2":{"start":{"line":3,"column":0},"end":{"line":3,"column":64}},"3":{"start":{"line":4,"column":0},"end":{"line":4,"column":69}},"4":{"start":{"line":5,"column":0},"end":{"line":5,"column":81}},"5":{"start":{"line":9,"column":19},"end":{"line":9,"column":27}},"6":{"start":{"line":12,"column":4},"end":{"line":12,"column":50}},"7":{"start":{"line":15,"column":4},"end":{"line":19,"column":6}},"8":{"start":{"line":22,"column":4},"end":{"line":31,"column":6}},"9":{"start":{"line":34,"column":4},"end":{"line":38,"column":6}},"10":{"start":{"line":41,"column":4},"end":{"line":45,"column":6}},"11":{"start":{"line":47,"column":4},"end":{"line":47,"column":18}},"12":{"start":{"line":7,"column":0},"end":{"line":7,"column":13}}},"fnMap":{"0":{"name":"(anonymous_0)","decl":{"start":{"line":8,"column":9},"end":{"line":8,"column":15}},"loc":{"start":{"line":8,"column":23},"end":{"line":48,"column":3}}}},"branchMap":{},"s":{"0":15,"1":15,"2":15,"3":15,"4":15,"5":15,"6":15,"7":15,"8":15,"9":15,"10":15,"11":15,"12":15},"f":{"0":15},"b":{}}
,"C:\\Users\\noteb\\OneDrive\\Documentos\\Dev Joanna\\GrowTwitter-BackEnd2\\src\\services\\auth.service.ts": {"path":"C:\\Users\\noteb\\OneDrive\\Documentos\\Dev Joanna\\GrowTwitter-BackEnd2\\src\\services\\auth.service.ts","statementMap":{"0":{"start":{"line":1,"column":0},"end":{"line":1,"column":53}},"1":{"start":{"line":4,"column":0},"end":{"line":4,"column":41}},"2":{"start":{"line":6,"column":0},"end":{"line":6,"column":35}},"3":{"start":{"line":11,"column":48},"end":{"line":11,"column":58}},"4":{"start":{"line":13,"column":4},"end":{"line":50,"column":5}},"5":{"start":{"line":14,"column":19},"end":{"line":16,"column":8}},"6":{"start":{"line":19,"column":6},"end":{"line":29,"column":7}},"7":{"start":{"line":21,"column":10},"end":{"line":23,"column":42}},"8":{"start":{"line":24,"column":8},"end":{"line":28,"column":10}},"9":{"start":{"line":31,"column":21},"end":{"line":31,"column":33}},"10":{"start":{"line":32,"column":27},"end":{"line":32,"column":62}},"11":{"start":{"line":34,"column":26},"end":{"line":36,"column":8}},"12":{"start":{"line":38,"column":6},"end":{"line":43,"column":8}},"13":{"start":{"line":45,"column":6},"end":{"line":49,"column":8}},"14":{"start":{"line":54,"column":42},"end":{"line":54,"column":46}},"15":{"start":{"line":56,"column":4},"end":{"line":108,"column":5}},"16":{"start":{"line":58,"column":19},"end":{"line":62,"column":8}},"17":{"start":{"line":64,"column":6},"end":{"line":70,"column":7}},"18":{"start":{"line":65,"column":8},"end":{"line":69,"column":10}},"19":{"start":{"line":72,"column":19},"end":{"line":72,"column":32}},"20":{"start":{"line":73,"column":21},"end":{"line":73,"column":33}},"21":{"start":{"line":74,"column":30},"end":{"line":74,"column":65}},"22":{"start":{"line":76,"column":6},"end":{"line":82,"column":7}},"23":{"start":{"line":77,"column":8},"end":{"line":81,"column":10}},"24":{"start":{"line":85,"column":18},"end":{"line":85,"column":27}},"25":{"start":{"line":87,"column":32},"end":{"line":92,"column":8}},"26":{"start":{"line":93,"column":20},"end":{"line":93,"column":46}},"27":{"start":{"line":96,"column":6},"end":{"line":101,"column":8}},"28":{"start":{"line":103,"column":6},"end":{"line":107,"column":8}},"29":{"start":{"line":113,"column":4},"end":{"line":119,"column":6}},"30":{"start":{"line":9,"column":0},"end":{"line":9,"column":13}}},"fnMap":{"0":{"name":"(anonymous_0)","decl":{"start":{"line":10,"column":9},"end":{"line":10,"column":14}},"loc":{"start":{"line":10,"column":43},"end":{"line":51,"column":3}}},"1":{"name":"(anonymous_1)","decl":{"start":{"line":53,"column":9},"end":{"line":53,"column":14}},"loc":{"start":{"line":53,"column":35},"end":{"line":109,"column":3}}},"2":{"name":"(anonymous_2)","decl":{"start":{"line":112,"column":10},"end":{"line":112,"column":18}},"loc":{"start":{"line":112,"column":29},"end":{"line":120,"column":3}}}},"branchMap":{"0":{"loc":{"start":{"line":19,"column":6},"end":{"line":29,"column":7}},"type":"if","locations":[{"start":{"line":19,"column":6},"end":{"line":29,"column":7}}]},"1":{"loc":{"start":{"line":21,"column":10},"end":{"line":23,"column":42}},"type":"cond-expr","locations":[{"start":{"line":22,"column":14},"end":{"line":22,"column":39}},{"start":{"line":23,"column":14},"end":{"line":23,"column":42}}]},"2":{"loc":{"start":{"line":64,"column":6},"end":{"line":70,"column":7}},"type":"if","locations":[{"start":{"line":64,"column":6},"end":{"line":70,"column":7}}]},"3":{"loc":{"start":{"line":76,"column":6},"end":{"line":82,"column":7}},"type":"if","locations":[{"start":{"line":76,"column":6},"end":{"line":82,"column":7}}]}},"s":{"0":17,"1":17,"2":17,"3":4,"4":4,"5":4,"6":3,"7":2,"8":2,"9":1,"10":1,"11":1,"12":1,"13":1,"14":4,"15":4,"16":4,"17":3,"18":1,"19":2,"20":2,"21":2,"22":2,"23":1,"24":1,"25":1,"26":1,"27":1,"28":1,"29":1,"30":17},"f":{"0":4,"1":4,"2":1},"b":{"0":[2],"1":[1,1],"2":[1],"3":[1]}}
,"C:\\Users\\noteb\\OneDrive\\Documentos\\Dev Joanna\\GrowTwitter-BackEnd2\\src\\services\\tweet.service.ts": {"path":"C:\\Users\\noteb\\OneDrive\\Documentos\\Dev Joanna\\GrowTwitter-BackEnd2\\src\\services\\tweet.service.ts","statementMap":{"0":{"start":{"line":2,"column":0},"end":{"line":2,"column":53}},"1":{"start":{"line":15,"column":53},"end":{"line":15,"column":64}},"2":{"start":{"line":17,"column":4},"end":{"line":54,"column":5}},"3":{"start":{"line":19,"column":6},"end":{"line":29,"column":7}},"4":{"start":{"line":20,"column":28},"end":{"line":20,"column":61}},"5":{"start":{"line":22,"column":8},"end":{"line":28,"column":9}},"6":{"start":{"line":23,"column":10},"end":{"line":27,"column":12}},"7":{"start":{"line":31,"column":27},"end":{"line":33,"column":8}},"8":{"start":{"line":35,"column":6},"end":{"line":47,"column":8}},"9":{"start":{"line":49,"column":6},"end":{"line":53,"column":8}},"10":{"start":{"line":63,"column":4},"end":{"line":63,"column":46}},"11":{"start":{"line":72,"column":22},"end":{"line":75,"column":6}},"12":{"start":{"line":78,"column":25},"end":{"line":78,"column":76}},"13":{"start":{"line":78,"column":58},"end":{"line":78,"column":70}},"14":{"start":{"line":82,"column":6},"end":{"line":82,"column":68}},"15":{"start":{"line":85,"column":4},"end":{"line":89,"column":6}},"16":{"start":{"line":94,"column":4},"end":{"line":120,"column":5}},"17":{"start":{"line":95,"column":20},"end":{"line":98,"column":8}},"18":{"start":{"line":100,"column":6},"end":{"line":106,"column":7}},"19":{"start":{"line":101,"column":8},"end":{"line":105,"column":10}},"20":{"start":{"line":108,"column":6},"end":{"line":113,"column":8}},"21":{"start":{"line":115,"column":6},"end":{"line":119,"column":8}},"22":{"start":{"line":129,"column":4},"end":{"line":165,"column":5}},"23":{"start":{"line":130,"column":20},"end":{"line":130,"column":52}},"24":{"start":{"line":132,"column":6},"end":{"line":138,"column":7}},"25":{"start":{"line":133,"column":8},"end":{"line":137,"column":10}},"26":{"start":{"line":141,"column":6},"end":{"line":147,"column":7}},"27":{"start":{"line":142,"column":8},"end":{"line":146,"column":10}},"28":{"start":{"line":148,"column":27},"end":{"line":151,"column":8}},"29":{"start":{"line":153,"column":6},"end":{"line":158,"column":8}},"30":{"start":{"line":160,"column":6},"end":{"line":164,"column":8}},"31":{"start":{"line":173,"column":4},"end":{"line":217,"column":5}},"32":{"start":{"line":174,"column":20},"end":{"line":177,"column":8}},"33":{"start":{"line":179,"column":6},"end":{"line":185,"column":7}},"34":{"start":{"line":180,"column":8},"end":{"line":184,"column":10}},"35":{"start":{"line":188,"column":6},"end":{"line":194,"column":7}},"36":{"start":{"line":189,"column":8},"end":{"line":193,"column":10}},"37":{"start":{"line":197,"column":28},"end":{"line":197,"column":54}},"38":{"start":{"line":199,"column":6},"end":{"line":199,"column":68}},"39":{"start":{"line":200,"column":6},"end":{"line":200,"column":71}},"40":{"start":{"line":201,"column":6},"end":{"line":201,"column":70}},"41":{"start":{"line":203,"column":6},"end":{"line":203,"column":60}},"42":{"start":{"line":205,"column":6},"end":{"line":210,"column":8}},"43":{"start":{"line":212,"column":6},"end":{"line":216,"column":8}},"44":{"start":{"line":222,"column":4},"end":{"line":262,"column":5}},"45":{"start":{"line":223,"column":20},"end":{"line":223,"column":52}},"46":{"start":{"line":225,"column":6},"end":{"line":231,"column":7}},"47":{"start":{"line":226,"column":8},"end":{"line":230,"column":10}},"48":{"start":{"line":234,"column":27},"end":{"line":239,"column":8}},"49":{"start":{"line":241,"column":6},"end":{"line":255,"column":7}},"50":{"start":{"line":242,"column":8},"end":{"line":242,"column":69}},"51":{"start":{"line":243,"column":8},"end":{"line":243,"column":77}},"52":{"start":{"line":246,"column":21},"end":{"line":248,"column":10}},"53":{"start":{"line":249,"column":8},"end":{"line":254,"column":10}},"54":{"start":{"line":257,"column":6},"end":{"line":261,"column":8}},"55":{"start":{"line":270,"column":4},"end":{"line":318,"column":5}},"56":{"start":{"line":271,"column":20},"end":{"line":271,"column":52}},"57":{"start":{"line":273,"column":6},"end":{"line":279,"column":7}},"58":{"start":{"line":274,"column":8},"end":{"line":278,"column":10}},"59":{"start":{"line":282,"column":31},"end":{"line":287,"column":8}},"60":{"start":{"line":290,"column":6},"end":{"line":311,"column":7}},"61":{"start":{"line":291,"column":8},"end":{"line":293,"column":11}},"62":{"start":{"line":294,"column":8},"end":{"line":298,"column":10}},"63":{"start":{"line":301,"column":24},"end":{"line":303,"column":10}},"64":{"start":{"line":305,"column":8},"end":{"line":310,"column":10}},"65":{"start":{"line":313,"column":6},"end":{"line":317,"column":8}},"66":{"start":{"line":324,"column":4},"end":{"line":324,"column":69}},"67":{"start":{"line":334,"column":6},"end":{"line":334,"column":70}},"68":{"start":{"line":336,"column":4},"end":{"line":338,"column":5}},"69":{"start":{"line":337,"column":6},"end":{"line":337,"column":70}},"70":{"start":{"line":340,"column":4},"end":{"line":371,"column":5}},"71":{"start":{"line":341,"column":21},"end":{"line":347,"column":8}},"72":{"start":{"line":349,"column":6},"end":{"line":351,"column":7}},"73":{"start":{"line":350,"column":8},"end":{"line":350,"column":68}},"74":{"start":{"line":353,"column":24},"end":{"line":356,"column":null}},"75":{"start":{"line":355,"column":10},"end":{"line":355,"column":70}},"76":{"start":{"line":359,"column":6},"end":{"line":364,"column":8}},"77":{"start":{"line":366,"column":6},"end":{"line":370,"column":8}},"78":{"start":{"line":376,"column":4},"end":{"line":383,"column":6}},"79":{"start":{"line":390,"column":54},"end":{"line":394,"column":6}},"80":{"start":{"line":395,"column":4},"end":{"line":412,"column":6}},"81":{"start":{"line":417,"column":4},"end":{"line":491,"column":6}},"82":{"start":{"line":432,"column":53},"end":{"line":439,"column":8}},"83":{"start":{"line":440,"column":62},"end":{"line":447,"column":8}},"84":{"start":{"line":448,"column":56},"end":{"line":490,"column":8}},"85":{"start":{"line":462,"column":55},"end":{"line":469,"column":10}},"86":{"start":{"line":470,"column":64},"end":{"line":477,"column":10}},"87":{"start":{"line":478,"column":58},"end":{"line":489,"column":10}},"88":{"start":{"line":12,"column":0},"end":{"line":12,"column":13}}},"fnMap":{"0":{"name":"(anonymous_0)","decl":{"start":{"line":14,"column":9},"end":{"line":14,"column":14}},"loc":{"start":{"line":14,"column":49},"end":{"line":55,"column":3}}},"1":{"name":"(anonymous_1)","decl":{"start":{"line":58,"column":9},"end":{"line":58,"column":14}},"loc":{"start":{"line":62,"column":3},"end":{"line":64,"column":3}}},"2":{"name":"(anonymous_2)","decl":{"start":{"line":67,"column":9},"end":{"line":67,"column":14}},"loc":{"start":{"line":69,"column":61},"end":{"line":90,"column":3}}},"3":{"name":"(anonymous_3)","decl":{"start":{"line":78,"column":51},"end":{"line":78,"column":52}},"loc":{"start":{"line":78,"column":58},"end":{"line":78,"column":70}}},"4":{"name":"(anonymous_4)","decl":{"start":{"line":93,"column":9},"end":{"line":93,"column":14}},"loc":{"start":{"line":93,"column":33},"end":{"line":121,"column":3}}},"5":{"name":"(anonymous_5)","decl":{"start":{"line":124,"column":9},"end":{"line":124,"column":14}},"loc":{"start":{"line":128,"column":19},"end":{"line":166,"column":3}}},"6":{"name":"(anonymous_6)","decl":{"start":{"line":169,"column":9},"end":{"line":169,"column":14}},"loc":{"start":{"line":172,"column":19},"end":{"line":218,"column":3}}},"7":{"name":"(anonymous_7)","decl":{"start":{"line":221,"column":9},"end":{"line":221,"column":14}},"loc":{"start":{"line":221,"column":55},"end":{"line":263,"column":3}}},"8":{"name":"(anonymous_8)","decl":{"start":{"line":266,"column":9},"end":{"line":266,"column":14}},"loc":{"start":{"line":269,"column":19},"end":{"line":319,"column":3}}},"9":{"name":"(anonymous_9)","decl":{"start":{"line":323,"column":10},"end":{"line":323,"column":15}},"loc":{"start":{"line":323,"column":44},"end":{"line":325,"column":3}}},"10":{"name":"(anonymous_10)","decl":{"start":{"line":328,"column":10},"end":{"line":328,"column":15}},"loc":{"start":{"line":331,"column":31},"end":{"line":372,"column":3}}},"11":{"name":"(anonymous_11)","decl":{"start":{"line":354,"column":19},"end":{"line":354,"column":20}},"loc":{"start":{"line":355,"column":10},"end":{"line":355,"column":70}}},"12":{"name":"(anonymous_12)","decl":{"start":{"line":375,"column":10},"end":{"line":375,"column":31}},"loc":{"start":{"line":375,"column":31},"end":{"line":384,"column":3}}},"13":{"name":"(anonymous_13)","decl":{"start":{"line":387,"column":10},"end":{"line":387,"column":15}},"loc":{"start":{"line":388,"column":64},"end":{"line":413,"column":3}}},"14":{"name":"(anonymous_14)","decl":{"start":{"line":416,"column":10},"end":{"line":416,"column":22}},"loc":{"start":{"line":416,"column":33},"end":{"line":492,"column":3}}},"15":{"name":"(anonymous_15)","decl":{"start":{"line":432,"column":30},"end":{"line":432,"column":31}},"loc":{"start":{"line":432,"column":53},"end":{"line":439,"column":8}}},"16":{"name":"(anonymous_16)","decl":{"start":{"line":440,"column":36},"end":{"line":440,"column":37}},"loc":{"start":{"line":440,"column":62},"end":{"line":447,"column":8}}},"17":{"name":"(anonymous_17)","decl":{"start":{"line":448,"column":34},"end":{"line":448,"column":35}},"loc":{"start":{"line":448,"column":56},"end":{"line":490,"column":8}}},"18":{"name":"(anonymous_18)","decl":{"start":{"line":462,"column":32},"end":{"line":462,"column":33}},"loc":{"start":{"line":462,"column":55},"end":{"line":469,"column":10}}},"19":{"name":"(anonymous_19)","decl":{"start":{"line":470,"column":38},"end":{"line":470,"column":39}},"loc":{"start":{"line":470,"column":64},"end":{"line":477,"column":10}}},"20":{"name":"(anonymous_20)","decl":{"start":{"line":478,"column":36},"end":{"line":478,"column":37}},"loc":{"start":{"line":478,"column":58},"end":{"line":489,"column":10}}}},"branchMap":{"0":{"loc":{"start":{"line":19,"column":6},"end":{"line":29,"column":7}},"type":"if","locations":[{"start":{"line":19,"column":6},"end":{"line":29,"column":7}}]},"1":{"loc":{"start":{"line":22,"column":8},"end":{"line":28,"column":9}},"type":"if","locations":[{"start":{"line":22,"column":8},"end":{"line":28,"column":9}}]},"2":{"loc":{"start":{"line":78,"column":25},"end":{"line":78,"column":76}},"type":"cond-expr","locations":[{"start":{"line":78,"column":37},"end":{"line":78,"column":71}},{"start":{"line":78,"column":74},"end":{"line":78,"column":76}}]},"3":{"loc":{"start":{"line":82,"column":6},"end":{"line":82,"column":68}},"type":"cond-expr","locations":[{"start":{"line":82,"column":32},"end":{"line":82,"column":57}},{"start":{"line":82,"column":60},"end":{"line":82,"column":68}}]},"4":{"loc":{"start":{"line":100,"column":6},"end":{"line":106,"column":7}},"type":"if","locations":[{"start":{"line":100,"column":6},"end":{"line":106,"column":7}}]},"5":{"loc":{"start":{"line":132,"column":6},"end":{"line":138,"column":7}},"type":"if","locations":[{"start":{"line":132,"column":6},"end":{"line":138,"column":7}}]},"6":{"loc":{"start":{"line":141,"column":6},"end":{"line":147,"column":7}},"type":"if","locations":[{"start":{"line":141,"column":6},"end":{"line":147,"column":7}}]},"7":{"loc":{"start":{"line":179,"column":6},"end":{"line":185,"column":7}},"type":"if","locations":[{"start":{"line":179,"column":6},"end":{"line":185,"column":7}}]},"8":{"loc":{"start":{"line":188,"column":6},"end":{"line":194,"column":7}},"type":"if","locations":[{"start":{"line":188,"column":6},"end":{"line":194,"column":7}}]},"9":{"loc":{"start":{"line":225,"column":6},"end":{"line":231,"column":7}},"type":"if","locations":[{"start":{"line":225,"column":6},"end":{"line":231,"column":7}}]},"10":{"loc":{"start":{"line":241,"column":6},"end":{"line":255,"column":7}},"type":"if","locations":[{"start":{"line":241,"column":6},"end":{"line":255,"column":7}},{"start":{"line":244,"column":13},"end":{"line":255,"column":7}}]},"11":{"loc":{"start":{"line":273,"column":6},"end":{"line":279,"column":7}},"type":"if","locations":[{"start":{"line":273,"column":6},"end":{"line":279,"column":7}}]},"12":{"loc":{"start":{"line":290,"column":6},"end":{"line":311,"column":7}},"type":"if","locations":[{"start":{"line":290,"column":6},"end":{"line":311,"column":7}},{"start":{"line":299,"column":13},"end":{"line":311,"column":7}}]},"13":{"loc":{"start":{"line":331,"column":4},"end":{"line":331,"column":31}},"type":"default-arg","locations":[{"start":{"line":331,"column":26},"end":{"line":331,"column":31}}]},"14":{"loc":{"start":{"line":334,"column":6},"end":{"line":334,"column":70}},"type":"cond-expr","locations":[{"start":{"line":334,"column":35},"end":{"line":334,"column":58}},{"start":{"line":334,"column":61},"end":{"line":334,"column":70}}]},"15":{"loc":{"start":{"line":334,"column":6},"end":{"line":334,"column":32}},"type":"binary-expr","locations":[{"start":{"line":334,"column":6},"end":{"line":334,"column":17}},{"start":{"line":334,"column":21},"end":{"line":334,"column":32}}]},"16":{"loc":{"start":{"line":336,"column":4},"end":{"line":338,"column":5}},"type":"if","locations":[{"start":{"line":336,"column":4},"end":{"line":338,"column":5}}]},"17":{"loc":{"start":{"line":349,"column":6},"end":{"line":351,"column":7}},"type":"if","locations":[{"start":{"line":349,"column":6},"end":{"line":351,"column":7}}]},"18":{"loc":{"start":{"line":349,"column":10},"end":{"line":349,"column":38}},"type":"binary-expr","locations":[{"start":{"line":349,"column":10},"end":{"line":349,"column":17}},{"start":{"line":349,"column":21},"end":{"line":349,"column":38}}]},"19":{"loc":{"start":{"line":355,"column":10},"end":{"line":355,"column":70}},"type":"cond-expr","locations":[{"start":{"line":355,"column":23},"end":{"line":355,"column":47}},{"start":{"line":355,"column":50},"end":{"line":355,"column":70}}]},"20":{"loc":{"start":{"line":398,"column":12},"end":{"line":403,"column":19}},"type":"cond-expr","locations":[{"start":{"line":399,"column":10},"end":{"line":402,"column":null}},{"start":{"line":403,"column":10},"end":{"line":403,"column":19}}]},"21":{"loc":{"start":{"line":405,"column":16},"end":{"line":405,"column":59}},"type":"cond-expr","locations":[{"start":{"line":405,"column":33},"end":{"line":405,"column":47}},{"start":{"line":405,"column":50},"end":{"line":405,"column":59}}]},"22":{"loc":{"start":{"line":409,"column":18},"end":{"line":409,"column":57}},"type":"cond-expr","locations":[{"start":{"line":409,"column":35},"end":{"line":409,"column":45}},{"start":{"line":409,"column":48},"end":{"line":409,"column":57}}]},"23":{"loc":{"start":{"line":410,"column":21},"end":{"line":410,"column":66}},"type":"cond-expr","locations":[{"start":{"line":410,"column":41},"end":{"line":410,"column":54}},{"start":{"line":410,"column":57},"end":{"line":410,"column":66}}]},"24":{"loc":{"start":{"line":411,"column":20},"end":{"line":411,"column":63}},"type":"cond-expr","locations":[{"start":{"line":411,"column":39},"end":{"line":411,"column":51}},{"start":{"line":411,"column":54},"end":{"line":411,"column":63}}]},"25":{"loc":{"start":{"line":429,"column":18},"end":{"line":429,"column":42}},"type":"binary-expr","locations":[{"start":{"line":429,"column":18},"end":{"line":429,"column":37}},{"start":{"line":429,"column":41},"end":{"line":429,"column":42}}]},"26":{"loc":{"start":{"line":430,"column":21},"end":{"line":430,"column":48}},"type":"binary-expr","locations":[{"start":{"line":430,"column":21},"end":{"line":430,"column":43}},{"start":{"line":430,"column":47},"end":{"line":430,"column":48}}]},"27":{"loc":{"start":{"line":431,"column":20},"end":{"line":431,"column":46}},"type":"binary-expr","locations":[{"start":{"line":431,"column":20},"end":{"line":431,"column":41}},{"start":{"line":431,"column":45},"end":{"line":431,"column":46}}]},"28":{"loc":{"start":{"line":452,"column":16},"end":{"line":452,"column":38}},"type":"binary-expr","locations":[{"start":{"line":452,"column":16},"end":{"line":452,"column":32}},{"start":{"line":452,"column":36},"end":{"line":452,"column":38}}]},"29":{"loc":{"start":{"line":453,"column":20},"end":{"line":453,"column":46}},"type":"binary-expr","locations":[{"start":{"line":453,"column":20},"end":{"line":453,"column":40}},{"start":{"line":453,"column":44},"end":{"line":453,"column":46}}]},"30":{"loc":{"start":{"line":459,"column":20},"end":{"line":459,"column":44}},"type":"binary-expr","locations":[{"start":{"line":459,"column":20},"end":{"line":459,"column":39}},{"start":{"line":459,"column":43},"end":{"line":459,"column":44}}]},"31":{"loc":{"start":{"line":460,"column":23},"end":{"line":460,"column":50}},"type":"binary-expr","locations":[{"start":{"line":460,"column":23},"end":{"line":460,"column":45}},{"start":{"line":460,"column":49},"end":{"line":460,"column":50}}]},"32":{"loc":{"start":{"line":461,"column":22},"end":{"line":461,"column":48}},"type":"binary-expr","locations":[{"start":{"line":461,"column":22},"end":{"line":461,"column":43}},{"start":{"line":461,"column":47},"end":{"line":461,"column":48}}]},"33":{"loc":{"start":{"line":482,"column":18},"end":{"line":482,"column":40}},"type":"binary-expr","locations":[{"start":{"line":482,"column":18},"end":{"line":482,"column":34}},{"start":{"line":482,"column":38},"end":{"line":482,"column":40}}]},"34":{"loc":{"start":{"line":483,"column":22},"end":{"line":483,"column":48}},"type":"binary-expr","locations":[{"start":{"line":483,"column":22},"end":{"line":483,"column":42}},{"start":{"line":483,"column":46},"end":{"line":483,"column":48}}]}},"s":{"0":23,"1":3,"2":3,"3":3,"4":1,"5":1,"6":1,"7":2,"8":1,"9":1,"10":3,"11":3,"12":3,"13":4,"14":3,"15":3,"16":3,"17":3,"18":2,"19":1,"20":1,"21":1,"22":4,"23":4,"24":3,"25":1,"26":2,"27":1,"28":1,"29":1,"30":1,"31":4,"32":4,"33":3,"34":1,"35":2,"36":1,"37":1,"38":1,"39":1,"40":1,"41":1,"42":1,"43":1,"44":4,"45":4,"46":3,"47":1,"48":2,"49":2,"50":1,"51":1,"52":1,"53":1,"54":1,"55":4,"56":4,"57":3,"58":1,"59":2,"60":2,"61":1,"62":1,"63":1,"64":1,"65":1,"66":13,"67":6,"68":6,"69":0,"70":6,"71":6,"72":4,"73":2,"74":2,"75":9,"76":2,"77":2,"78":13,"79":7,"80":7,"81":5,"82":0,"83":0,"84":0,"85":0,"86":0,"87":0,"88":23},"f":{"0":3,"1":3,"2":3,"3":4,"4":3,"5":4,"6":4,"7":4,"8":4,"9":13,"10":6,"11":9,"12":13,"13":7,"14":5,"15":0,"16":0,"17":0,"18":0,"19":0,"20":0},"b":{"0":[1],"1":[1],"2":[3,0],"3":[1,2],"4":[1],"5":[1],"6":[1],"7":[1],"8":[1],"9":[1],"10":[1,1],"11":[1],"12":[1,1],"13":[3],"14":[1,5],"15":[6,1],"16":[0],"17":[2],"18":[4,4],"19":[4,5],"20":[7,0],"21":[0,7],"22":[0,7],"23":[0,7],"24":[0,7],"25":[5,5],"26":[5,5],"27":[5,5],"28":[0,0],"29":[0,0],"30":[0,0],"31":[0,0],"32":[0,0],"33":[0,0],"34":[0,0]}}
,"C:\\Users\\noteb\\OneDrive\\Documentos\\Dev Joanna\\GrowTwitter-BackEnd2\\src\\services\\user.service.ts": {"path":"C:\\Users\\noteb\\OneDrive\\Documentos\\Dev Joanna\\GrowTwitter-BackEnd2\\src\\services\\user.service.ts","statementMap":{"0":{"start":{"line":1,"column":0},"end":{"line":1,"column":53}},"1":{"start":{"line":5,"column":0},"end":{"line":5,"column":41}},"2":{"start":{"line":10,"column":4},"end":{"line":46,"column":5}},"3":{"start":{"line":11,"column":43},"end":{"line":19,"column":12}},"4":{"start":{"line":21,"column":20},"end":{"line":21,"column":57}},"5":{"start":{"line":23,"column":6},"end":{"line":29,"column":7}},"6":{"start":{"line":24,"column":8},"end":{"line":28,"column":10}},"7":{"start":{"line":30,"column":23},"end":{"line":31,"column":null}},"8":{"start":{"line":31,"column":28},"end":{"line":31,"column":47}},"9":{"start":{"line":34,"column":6},"end":{"line":39,"column":8}},"10":{"start":{"line":41,"column":6},"end":{"line":45,"column":8}},"11":{"start":{"line":51,"column":4},"end":{"line":77,"column":5}},"12":{"start":{"line":52,"column":19},"end":{"line":55,"column":8}},"13":{"start":{"line":57,"column":6},"end":{"line":63,"column":7}},"14":{"start":{"line":58,"column":8},"end":{"line":62,"column":10}},"15":{"start":{"line":65,"column":6},"end":{"line":70,"column":8}},"16":{"start":{"line":72,"column":6},"end":{"line":76,"column":8}},"17":{"start":{"line":82,"column":69},"end":{"line":82,"column":79}},"18":{"start":{"line":84,"column":4},"end":{"line":172,"column":5}},"19":{"start":{"line":85,"column":19},"end":{"line":85,"column":45}},"20":{"start":{"line":86,"column":6},"end":{"line":92,"column":7}},"21":{"start":{"line":87,"column":8},"end":{"line":91,"column":10}},"22":{"start":{"line":95,"column":6},"end":{"line":101,"column":7}},"23":{"start":{"line":96,"column":8},"end":{"line":100,"column":10}},"24":{"start":{"line":104,"column":6},"end":{"line":115,"column":7}},"25":{"start":{"line":105,"column":29},"end":{"line":107,"column":10}},"26":{"start":{"line":108,"column":8},"end":{"line":114,"column":9}},"27":{"start":{"line":109,"column":10},"end":{"line":113,"column":12}},"28":{"start":{"line":119,"column":6},"end":{"line":142,"column":7}},"29":{"start":{"line":120,"column":23},"end":{"line":120,"column":35}},"30":{"start":{"line":121,"column":30},"end":{"line":121,"column":77}},"31":{"start":{"line":123,"column":8},"end":{"line":129,"column":9}},"32":{"start":{"line":124,"column":10},"end":{"line":128,"column":12}},"33":{"start":{"line":131,"column":32},"end":{"line":131,"column":79}},"34":{"start":{"line":133,"column":8},"end":{"line":139,"column":9}},"35":{"start":{"line":134,"column":10},"end":{"line":138,"column":12}},"36":{"start":{"line":141,"column":8},"end":{"line":141,"column":64}},"37":{"start":{"line":144,"column":42},"end":{"line":144,"column":44}},"38":{"start":{"line":145,"column":6},"end":{"line":145,"column":41}},"39":{"start":{"line":145,"column":16},"end":{"line":145,"column":41}},"40":{"start":{"line":146,"column":6},"end":{"line":146,"column":53}},"41":{"start":{"line":146,"column":20},"end":{"line":146,"column":53}},"42":{"start":{"line":147,"column":6},"end":{"line":147,"column":65}},"43":{"start":{"line":147,"column":26},"end":{"line":147,"column":65}},"44":{"start":{"line":150,"column":26},"end":{"line":153,"column":8}},"45":{"start":{"line":155,"column":6},"end":{"line":165,"column":8}},"46":{"start":{"line":167,"column":6},"end":{"line":171,"column":8}},"47":{"start":{"line":177,"column":4},"end":{"line":213,"column":5}},"48":{"start":{"line":178,"column":19},"end":{"line":178,"column":45}},"49":{"start":{"line":180,"column":6},"end":{"line":186,"column":7}},"50":{"start":{"line":181,"column":8},"end":{"line":185,"column":10}},"51":{"start":{"line":189,"column":6},"end":{"line":195,"column":7}},"52":{"start":{"line":190,"column":8},"end":{"line":194,"column":10}},"53":{"start":{"line":197,"column":26},"end":{"line":199,"column":8}},"54":{"start":{"line":201,"column":6},"end":{"line":206,"column":8}},"55":{"start":{"line":208,"column":6},"end":{"line":212,"column":8}},"56":{"start":{"line":221,"column":4},"end":{"line":286,"column":5}},"57":{"start":{"line":223,"column":23},"end":{"line":223,"column":57}},"58":{"start":{"line":225,"column":23},"end":{"line":225,"column":57}},"59":{"start":{"line":227,"column":6},"end":{"line":233,"column":7}},"60":{"start":{"line":228,"column":8},"end":{"line":232,"column":10}},"61":{"start":{"line":236,"column":6},"end":{"line":242,"column":7}},"62":{"start":{"line":237,"column":8},"end":{"line":241,"column":10}},"63":{"start":{"line":245,"column":29},"end":{"line":252,"column":8}},"64":{"start":{"line":255,"column":6},"end":{"line":279,"column":7}},"65":{"start":{"line":256,"column":8},"end":{"line":258,"column":11}},"66":{"start":{"line":259,"column":8},"end":{"line":263,"column":10}},"67":{"start":{"line":266,"column":23},"end":{"line":271,"column":10}},"68":{"start":{"line":273,"column":8},"end":{"line":278,"column":10}},"69":{"start":{"line":281,"column":6},"end":{"line":285,"column":8}},"70":{"start":{"line":292,"column":4},"end":{"line":292,"column":59}},"71":{"start":{"line":297,"column":4},"end":{"line":324,"column":6}},"72":{"start":{"line":329,"column":58},"end":{"line":333,"column":6}},"73":{"start":{"line":335,"column":4},"end":{"line":342,"column":6}},"74":{"start":{"line":367,"column":65},"end":{"line":367,"column":69}},"75":{"start":{"line":368,"column":4},"end":{"line":404,"column":6}},"76":{"start":{"line":375,"column":45},"end":{"line":379,"column":14}},"77":{"start":{"line":383,"column":45},"end":{"line":387,"column":14}},"78":{"start":{"line":391,"column":35},"end":{"line":402,"column":14}},"79":{"start":{"line":7,"column":0},"end":{"line":7,"column":13}}},"fnMap":{"0":{"name":"(anonymous_0)","decl":{"start":{"line":9,"column":9},"end":{"line":9,"column":14}},"loc":{"start":{"line":9,"column":39},"end":{"line":47,"column":3}}},"1":{"name":"(anonymous_1)","decl":{"start":{"line":31,"column":18},"end":{"line":31,"column":19}},"loc":{"start":{"line":31,"column":28},"end":{"line":31,"column":47}}},"2":{"name":"(anonymous_2)","decl":{"start":{"line":50,"column":9},"end":{"line":50,"column":14}},"loc":{"start":{"line":50,"column":33},"end":{"line":78,"column":3}}},"3":{"name":"(anonymous_3)","decl":{"start":{"line":81,"column":9},"end":{"line":81,"column":14}},"loc":{"start":{"line":81,"column":47},"end":{"line":173,"column":3}}},"4":{"name":"(anonymous_4)","decl":{"start":{"line":176,"column":9},"end":{"line":176,"column":14}},"loc":{"start":{"line":176,"column":51},"end":{"line":214,"column":3}}},"5":{"name":"(anonymous_5)","decl":{"start":{"line":217,"column":9},"end":{"line":217,"column":14}},"loc":{"start":{"line":220,"column":18},"end":{"line":287,"column":3}}},"6":{"name":"(anonymous_6)","decl":{"start":{"line":291,"column":10},"end":{"line":291,"column":15}},"loc":{"start":{"line":291,"column":38},"end":{"line":293,"column":3}}},"7":{"name":"(anonymous_7)","decl":{"start":{"line":296,"column":10},"end":{"line":296,"column":30}},"loc":{"start":{"line":296,"column":30},"end":{"line":325,"column":3}}},"8":{"name":"(anonymous_8)","decl":{"start":{"line":328,"column":10},"end":{"line":328,"column":15}},"loc":{"start":{"line":328,"column":35},"end":{"line":343,"column":3}}},"9":{"name":"(anonymous_9)","decl":{"start":{"line":346,"column":10},"end":{"line":346,"column":22}},"loc":{"start":{"line":365,"column":5},"end":{"line":405,"column":3}}},"10":{"name":"(anonymous_10)","decl":{"start":{"line":375,"column":26},"end":{"line":375,"column":27}},"loc":{"start":{"line":375,"column":45},"end":{"line":379,"column":14}}},"11":{"name":"(anonymous_11)","decl":{"start":{"line":383,"column":26},"end":{"line":383,"column":27}},"loc":{"start":{"line":383,"column":45},"end":{"line":387,"column":14}}},"12":{"name":"(anonymous_12)","decl":{"start":{"line":391,"column":23},"end":{"line":391,"column":24}},"loc":{"start":{"line":391,"column":35},"end":{"line":402,"column":14}}}},"branchMap":{"0":{"loc":{"start":{"line":11,"column":43},"end":{"line":19,"column":12}},"type":"cond-expr","locations":[{"start":{"line":12,"column":10},"end":{"line":18,"column":null}},{"start":{"line":19,"column":10},"end":{"line":19,"column":12}}]},"1":{"loc":{"start":{"line":23,"column":6},"end":{"line":29,"column":7}},"type":"if","locations":[{"start":{"line":23,"column":6},"end":{"line":29,"column":7}}]},"2":{"loc":{"start":{"line":57,"column":6},"end":{"line":63,"column":7}},"type":"if","locations":[{"start":{"line":57,"column":6},"end":{"line":63,"column":7}}]},"3":{"loc":{"start":{"line":86,"column":6},"end":{"line":92,"column":7}},"type":"if","locations":[{"start":{"line":86,"column":6},"end":{"line":92,"column":7}}]},"4":{"loc":{"start":{"line":95,"column":6},"end":{"line":101,"column":7}},"type":"if","locations":[{"start":{"line":95,"column":6},"end":{"line":101,"column":7}}]},"5":{"loc":{"start":{"line":104,"column":6},"end":{"line":115,"column":7}},"type":"if","locations":[{"start":{"line":104,"column":6},"end":{"line":115,"column":7}}]},"6":{"loc":{"start":{"line":108,"column":8},"end":{"line":114,"column":9}},"type":"if","locations":[{"start":{"line":108,"column":8},"end":{"line":114,"column":9}}]},"7":{"loc":{"start":{"line":119,"column":6},"end":{"line":142,"column":7}},"type":"if","locations":[{"start":{"line":119,"column":6},"end":{"line":142,"column":7}}]},"8":{"loc":{"start":{"line":119,"column":10},"end":{"line":119,"column":36}},"type":"binary-expr","locations":[{"start":{"line":119,"column":10},"end":{"line":119,"column":21}},{"start":{"line":119,"column":25},"end":{"line":119,"column":36}}]},"9":{"loc":{"start":{"line":123,"column":8},"end":{"line":129,"column":9}},"type":"if","locations":[{"start":{"line":123,"column":8},"end":{"line":129,"column":9}}]},"10":{"loc":{"start":{"line":133,"column":8},"end":{"line":139,"column":9}},"type":"if","locations":[{"start":{"line":133,"column":8},"end":{"line":139,"column":9}}]},"11":{"loc":{"start":{"line":145,"column":6},"end":{"line":145,"column":41}},"type":"if","locations":[{"start":{"line":145,"column":6},"end":{"line":145,"column":41}}]},"12":{"loc":{"start":{"line":146,"column":6},"end":{"line":146,"column":53}},"type":"if","locations":[{"start":{"line":146,"column":6},"end":{"line":146,"column":53}}]},"13":{"loc":{"start":{"line":147,"column":6},"end":{"line":147,"column":65}},"type":"if","locations":[{"start":{"line":147,"column":6},"end":{"line":147,"column":65}}]},"14":{"loc":{"start":{"line":180,"column":6},"end":{"line":186,"column":7}},"type":"if","locations":[{"start":{"line":180,"column":6},"end":{"line":186,"column":7}}]},"15":{"loc":{"start":{"line":189,"column":6},"end":{"line":195,"column":7}},"type":"if","locations":[{"start":{"line":189,"column":6},"end":{"line":195,"column":7}}]},"16":{"loc":{"start":{"line":227,"column":6},"end":{"line":233,"column":7}},"type":"if","locations":[{"start":{"line":227,"column":6},"end":{"line":233,"column":7}}]},"17":{"loc":{"start":{"line":227,"column":10},"end":{"line":227,"column":32}},"type":"binary-expr","locations":[{"start":{"line":227,"column":10},"end":{"line":227,"column":19}},{"start":{"line":227,"column":23},"end":{"line":227,"column":32}}]},"18":{"loc":{"start":{"line":236,"column":6},"end":{"line":242,"column":7}},"type":"if","locations":[{"start":{"line":236,"column":6},"end":{"line":242,"column":7}}]},"19":{"loc":{"start":{"line":255,"column":6},"end":{"line":279,"column":7}},"type":"if","locations":[{"start":{"line":255,"column":6},"end":{"line":279,"column":7}},{"start":{"line":264,"column":13},"end":{"line":279,"column":7}}]},"20":{"loc":{"start":{"line":339,"column":10},"end":{"line":339,"column":61}},"type":"binary-expr","locations":[{"start":{"line":339,"column":10},"end":{"line":339,"column":28}},{"start":{"line":339,"column":32},"end":{"line":339,"column":61}}]},"21":{"loc":{"start":{"line":340,"column":10},"end":{"line":340,"column":61}},"type":"binary-expr","locations":[{"start":{"line":340,"column":10},"end":{"line":340,"column":28}},{"start":{"line":340,"column":32},"end":{"line":340,"column":61}}]},"22":{"loc":{"start":{"line":341,"column":10},"end":{"line":341,"column":52}},"type":"binary-expr","locations":[{"start":{"line":341,"column":10},"end":{"line":341,"column":25}},{"start":{"line":341,"column":29},"end":{"line":341,"column":52}}]},"23":{"loc":{"start":{"line":374,"column":8},"end":{"line":380,"column":14}},"type":"cond-expr","locations":[{"start":{"line":375,"column":12},"end":{"line":379,"column":15}},{"start":{"line":380,"column":12},"end":{"line":380,"column":14}}]},"24":{"loc":{"start":{"line":382,"column":8},"end":{"line":388,"column":14}},"type":"cond-expr","locations":[{"start":{"line":383,"column":12},"end":{"line":387,"column":15}},{"start":{"line":388,"column":12},"end":{"line":388,"column":14}}]},"25":{"loc":{"start":{"line":390,"column":8},"end":{"line":403,"column":14}},"type":"cond-expr","locations":[{"start":{"line":391,"column":12},"end":{"line":402,"column":15}},{"start":{"line":403,"column":12},"end":{"line":403,"column":14}}]},"26":{"loc":{"start":{"line":395,"column":24},"end":{"line":395,"column":51}},"type":"binary-expr","locations":[{"start":{"line":395,"column":24},"end":{"line":395,"column":38}},{"start":{"line":395,"column":42},"end":{"line":395,"column":51}}]}},"s":{"0":20,"1":20,"2":4,"3":4,"4":4,"5":3,"6":1,"7":2,"8":15,"9":2,"10":1,"11":3,"12":3,"13":2,"14":1,"15":1,"16":1,"17":7,"18":7,"19":7,"20":6,"21":1,"22":5,"23":1,"24":4,"25":2,"26":2,"27":1,"28":3,"29":2,"30":2,"31":2,"32":1,"33":1,"34":1,"35":1,"36":0,"37":1,"38":1,"39":0,"40":1,"41":1,"42":1,"43":0,"44":1,"45":1,"46":1,"47":4,"48":4,"49":3,"50":1,"51":2,"52":1,"53":1,"54":1,"55":1,"56":6,"57":6,"58":5,"59":5,"60":2,"61":3,"62":1,"63":2,"64":2,"65":1,"66":1,"67":1,"68":1,"69":1,"70":22,"71":3,"72":16,"73":16,"74":1,"75":1,"76":0,"77":0,"78":0,"79":20},"f":{"0":4,"1":15,"2":3,"3":7,"4":4,"5":6,"6":22,"7":3,"8":16,"9":1,"10":0,"11":0,"12":0},"b":{"0":[1,3],"1":[1],"2":[1],"3":[1],"4":[1],"5":[2],"6":[1],"7":[2],"8":[3,2],"9":[1],"10":[1],"11":[0],"12":[1],"13":[0],"14":[1],"15":[1],"16":[2],"17":[5,3],"18":[1],"19":[1,1],"20":[16,0],"21":[16,0],"22":[16,0],"23":[0,1],"24":[0,1],"25":[0,1],"26":[0,0]}}
,"C:\\Users\\noteb\\OneDrive\\Documentos\\Dev Joanna\\GrowTwitter-BackEnd2\\src\\utils\\bcrypt.ts": {"path":"C:\\Users\\noteb\\OneDrive\\Documentos\\Dev Joanna\\GrowTwitter-BackEnd2\\src\\utils\\bcrypt.ts","statementMap":{"0":{"start":{"line":1,"column":0},"end":{"line":1,"column":28}},"1":{"start":{"line":6,"column":17},"end":{"line":6,"column":77}},"2":{"start":{"line":7,"column":4},"end":{"line":7,"column":16}},"3":{"start":{"line":12,"column":20},"end":{"line":12,"column":56}},"4":{"start":{"line":13,"column":4},"end":{"line":13,"column":19}},"5":{"start":{"line":3,"column":0},"end":{"line":3,"column":13}}},"fnMap":{"0":{"name":"(anonymous_1)","decl":{"start":{"line":4,"column":9},"end":{"line":4,"column":14}},"loc":{"start":{"line":4,"column":44},"end":{"line":8,"column":3}}},"1":{"name":"(anonymous_2)","decl":{"start":{"line":10,"column":9},"end":{"line":10,"column":14}},"loc":{"start":{"line":10,"column":52},"end":{"line":14,"column":3}}}},"branchMap":{},"s":{"0":22,"1":0,"2":0,"3":0,"4":0,"5":22},"f":{"0":0,"1":0},"b":{}}
,"C:\\Users\\noteb\\OneDrive\\Documentos\\Dev Joanna\\GrowTwitter-BackEnd2\\src\\utils\\jwt.ts": {"path":"C:\\Users\\noteb\\OneDrive\\Documentos\\Dev Joanna\\GrowTwitter-BackEnd2\\src\\utils\\jwt.ts","statementMap":{"0":{"start":{"line":1,"column":0},"end":{"line":1,"column":31}},"1":{"start":{"line":3,"column":0},"end":{"line":3,"column":23}},"2":{"start":{"line":8,"column":4},"end":{"line":8,"column":71}},"3":{"start":{"line":8,"column":33},"end":{"line":8,"column":71}},"4":{"start":{"line":10,"column":18},"end":{"line":13,"column":6}},"5":{"start":{"line":14,"column":4},"end":{"line":14,"column":17}},"6":{"start":{"line":17,"column":4},"end":{"line":24,"column":5}},"7":{"start":{"line":18,"column":6},"end":{"line":18,"column":73}},"8":{"start":{"line":18,"column":35},"end":{"line":18,"column":73}},"9":{"start":{"line":20,"column":19},"end":{"line":20,"column":72}},"10":{"start":{"line":21,"column":6},"end":{"line":21,"column":18}},"11":{"start":{"line":23,"column":6},"end":{"line":23,"column":18}},"12":{"start":{"line":6,"column":0},"end":{"line":6,"column":13}}},"fnMap":{"0":{"name":"(anonymous_1)","decl":{"start":{"line":7,"column":9},"end":{"line":7,"column":22}},"loc":{"start":{"line":7,"column":37},"end":{"line":15,"column":3}}},"1":{"name":"(anonymous_2)","decl":{"start":{"line":16,"column":9},"end":{"line":16,"column":20}},"loc":{"start":{"line":16,"column":34},"end":{"line":25,"column":3}}}},"branchMap":{"0":{"loc":{"start":{"line":8,"column":4},"end":{"line":8,"column":71}},"type":"if","locations":[{"start":{"line":8,"column":4},"end":{"line":8,"column":71}}]},"1":{"loc":{"start":{"line":18,"column":6},"end":{"line":18,"column":73}},"type":"if","locations":[{"start":{"line":18,"column":6},"end":{"line":18,"column":73}}]}},"s":{"0":17,"1":17,"2":48,"3":0,"4":48,"5":48,"6":59,"7":59,"8":0,"9":59,"10":48,"11":11,"12":17},"f":{"0":48,"1":59},"b":{"0":[0],"1":[0]}}
}
