TN:
SF:src\express.server.ts
FN:5,(anonymous_1)
FNF:1
FNH:1
FNDA:15,(anonymous_1)
DA:1,15
DA:2,15
DA:3,15
DA:5,15
DA:6,15
DA:8,15
DA:9,15
DA:11,15
DA:13,15
LF:9
LH:9
BRF:0
BRH:0
end_of_record
TN:
SF:src\controllers\auth.controller.ts
FN:6,(anonymous_0)
FN:34,(anonymous_1)
FNF:2
FNH:2
FNDA:2,(anonymous_0)
FNDA:2,(anonymous_1)
DA:2,15
DA:5,15
DA:7,2
DA:9,2
DA:11,2
DA:18,2
DA:20,2
DA:22,1
DA:24,1
DA:27,1
DA:35,2
DA:36,2
DA:38,2
DA:39,2
DA:41,1
DA:42,1
DA:44,1
LF:17
LH:17
BRF:0
BRH:0
end_of_record
TN:
SF:src\controllers\tweet.controller.ts
FN:6,(anonymous_0)
FN:31,(anonymous_1)
FN:52,(anonymous_2)
FN:74,(anonymous_3)
FN:91,(anonymous_4)
FN:110,(anonymous_5)
FN:128,(anonymous_6)
FN:146,(anonymous_7)
FNF:8
FNH:8
FNDA:2,(anonymous_0)
FNDA:4,(anonymous_1)
FNDA:3,(anonymous_2)
FNDA:2,(anonymous_3)
FNDA:2,(anonymous_4)
FNDA:2,(anonymous_5)
FNDA:3,(anonymous_6)
FNDA:3,(anonymous_7)
DA:3,15
DA:5,15
DA:7,2
DA:8,2
DA:9,2
DA:11,2
DA:18,2
DA:19,2
DA:21,1
DA:22,1
DA:24,1
DA:32,4
DA:33,4
DA:35,4
DA:36,4
DA:42,3
DA:43,3
DA:45,1
DA:53,3
DA:54,3
DA:55,3
DA:57,3
DA:58,3
DA:64,2
DA:65,2
DA:67,1
DA:75,2
DA:76,2
DA:77,2
DA:79,2
DA:80,1
DA:82,1
DA:84,1
DA:92,2
DA:93,2
DA:94,2
DA:95,2
DA:97,2
DA:98,2
DA:100,1
DA:101,1
DA:103,1
DA:111,2
DA:112,2
DA:113,2
DA:115,2
DA:116,2
DA:118,1
DA:119,1
DA:121,1
DA:129,3
DA:130,3
DA:131,3
DA:133,3
DA:134,3
DA:136,2
DA:137,2
DA:139,1
DA:147,3
DA:148,3
DA:149,3
DA:151,3
DA:152,3
DA:154,2
DA:155,2
DA:157,1
LF:66
LH:66
BRDA:37,0,0,1
BRDA:37,0,1,3
BRDA:38,1,0,1
BRDA:38,1,1,3
BRDA:39,2,0,1
BRDA:39,2,1,3
BRDA:59,3,0,1
BRDA:59,3,1,2
BRDA:60,4,0,1
BRDA:60,4,1,2
BRDA:61,5,0,0
BRDA:61,5,1,3
BRF:12
BRH:11
end_of_record
TN:
SF:src\controllers\user.controller.ts
FN:6,(anonymous_0)
FN:28,(anonymous_1)
FN:49,(anonymous_2)
FN:76,(anonymous_3)
FN:95,(anonymous_4)
FNF:5
FNH:5
FNDA:3,(anonymous_0)
FNDA:2,(anonymous_1)
FNDA:2,(anonymous_2)
FNDA:2,(anonymous_3)
FNDA:3,(anonymous_4)
DA:2,15
DA:4,15
DA:7,3
DA:10,3
DA:13,3
DA:14,3
DA:17,2
DA:18,2
DA:20,1
DA:29,2
DA:31,2
DA:33,2
DA:35,2
DA:37,1
DA:39,1
DA:41,1
DA:50,2
DA:51,2
DA:52,2
DA:53,2
DA:55,2
DA:56,2
DA:65,1
DA:66,1
DA:68,1
DA:77,2
DA:78,2
DA:79,2
DA:81,2
DA:82,2
DA:84,1
DA:85,1
DA:87,1
DA:96,3
DA:97,3
DA:98,3
DA:100,3
DA:101,3
DA:103,2
DA:104,2
DA:106,1
LF:41
LH:41
BRDA:10,0,0,1
BRDA:10,0,1,2
BRF:2
BRH:2
end_of_record
TN:
SF:src\middlewares\tweet.middleware.ts
FN:4,(anonymous_0)
FN:45,(anonymous_1)
FN:81,(anonymous_2)
FNF:3
FNH:3
FNDA:10,(anonymous_0)
FNDA:9,(anonymous_1)
FNDA:5,(anonymous_2)
DA:3,15
DA:9,10
DA:10,10
DA:12,10
DA:13,1
DA:15,10
DA:19,1
DA:21,10
DA:27,2
DA:29,10
DA:33,1
DA:35,10
DA:36,5
DA:40,5
DA:42,5
DA:46,9
DA:47,9
DA:48,9
DA:50,9
DA:56,2
DA:58,9
DA:59,2
DA:61,9
DA:62,0
DA:64,9
DA:65,0
DA:67,9
DA:68,0
DA:71,9
DA:72,4
DA:76,4
DA:78,5
DA:86,5
DA:88,5
DA:89,1
DA:93,1
DA:95,4
LF:37
LH:34
BRDA:12,0,0,1
BRDA:15,1,0,1
BRDA:16,2,0,10
BRDA:16,2,1,9
BRDA:16,2,2,9
BRDA:16,2,3,8
BRDA:16,2,4,0
BRDA:21,3,0,2
BRDA:22,4,0,10
BRDA:22,4,1,2
BRDA:22,4,2,2
BRDA:22,4,3,2
BRDA:29,5,0,1
BRDA:30,6,0,10
BRDA:30,6,1,9
BRDA:30,6,2,8
BRDA:35,7,0,5
BRDA:50,8,0,2
BRDA:51,9,0,9
BRDA:51,9,1,9
BRDA:51,9,2,2
BRDA:51,9,3,2
BRDA:58,10,0,2
BRDA:61,11,0,0
BRDA:61,12,0,9
BRDA:61,12,1,0
BRDA:64,13,0,0
BRDA:64,14,0,9
BRDA:64,14,1,0
BRDA:67,15,0,0
BRDA:67,16,0,9
BRDA:67,16,1,0
BRDA:71,17,0,4
BRDA:88,18,0,1
BRF:34
BRH:27
end_of_record
TN:
SF:src\middlewares\user.middleware.ts
FN:4,(anonymous_0)
FN:35,(anonymous_1)
FNF:2
FNH:2
FNDA:5,(anonymous_0)
FNDA:3,(anonymous_1)
DA:3,15
DA:5,5
DA:6,5
DA:8,5
DA:9,1
DA:11,5
DA:12,2
DA:13,2
DA:14,1
DA:17,5
DA:18,0
DA:20,5
DA:21,0
DA:24,5
DA:25,2
DA:29,2
DA:32,3
DA:40,3
DA:41,3
DA:43,3
DA:45,3
DA:46,1
DA:49,3
DA:50,0
DA:53,3
DA:54,0
DA:57,3
DA:58,0
DA:61,3
DA:62,1
DA:66,1
DA:69,2
LF:32
LH:27
BRDA:8,0,0,1
BRDA:8,1,0,5
BRDA:8,1,1,3
BRDA:11,2,0,2
BRDA:11,3,0,5
BRDA:11,3,1,3
BRDA:13,4,0,1
BRDA:17,5,0,0
BRDA:17,6,0,5
BRDA:17,6,1,1
BRDA:20,7,0,0
BRDA:20,8,0,5
BRDA:20,8,1,0
BRDA:24,9,0,2
BRDA:45,10,0,1
BRDA:45,11,0,3
BRDA:45,11,1,1
BRDA:49,12,0,0
BRDA:49,13,0,3
BRDA:49,13,1,1
BRDA:53,14,0,0
BRDA:53,15,0,3
BRDA:53,15,1,0
BRDA:57,16,0,0
BRDA:57,17,0,3
BRDA:57,17,1,0
BRDA:57,17,2,0
BRDA:61,18,0,1
BRF:28
BRH:19
end_of_record
TN:
SF:src\middlewares\validate-uuid.middleware.ts
FN:4,(anonymous_0)
FNF:1
FNH:1
FNDA:35,(anonymous_0)
DA:3,15
DA:5,35
DA:6,35
DA:9,35
DA:11,35
DA:12,9
DA:16,9
DA:20,26
DA:21,0
DA:25,0
DA:27,26
DA:28,0
DA:32,0
DA:35,26
LF:14
LH:10
BRDA:11,0,0,9
BRDA:20,1,0,0
BRDA:20,2,0,26
BRDA:20,2,1,0
BRDA:27,3,0,0
BRDA:27,4,0,26
BRDA:27,4,1,0
BRF:7
BRH:3
end_of_record
TN:
SF:src\middlewares\auth\auth.middleware.ts
FN:5,(anonymous_0)
FNF:1
FNH:1
FNDA:81,(anonymous_0)
DA:2,15
DA:4,15
DA:11,81
DA:13,81
DA:14,11
DA:18,11
DA:23,70
DA:25,70
DA:26,11
DA:30,11
DA:33,59
DA:35,59
DA:37,59
DA:38,11
DA:42,11
DA:45,48
DA:52,48
LF:17
LH:17
BRDA:13,0,0,11
BRDA:25,1,0,11
BRDA:25,2,0,70
BRDA:25,2,1,59
BRDA:37,3,0,11
BRF:5
BRH:5
end_of_record
TN:
SF:src\middlewares\auth\login.middleware.ts
FN:4,(anonymous_0)
FN:30,(anonymous_1)
FNF:2
FNH:2
FNDA:5,(anonymous_0)
FNDA:3,(anonymous_1)
DA:3,15
DA:9,5
DA:11,5
DA:12,1
DA:16,1
DA:19,4
DA:20,1
DA:24,1
DA:27,3
DA:31,3
DA:33,3
DA:38,1
DA:42,1
DA:45,2
LF:14
LH:14
BRDA:11,0,0,1
BRDA:11,1,0,5
BRDA:11,1,1,4
BRDA:19,2,0,1
BRDA:33,3,0,1
BRDA:34,4,0,3
BRDA:34,4,1,3
BRDA:34,4,2,3
BRF:8
BRH:8
end_of_record
TN:
SF:src\middlewares\auth\signup.midleware.ts
FN:4,(anonymous_0)
FN:35,(anonymous_1)
FN:54,(anonymous_2)
FNF:3
FNH:3
FNDA:11,(anonymous_0)
FNDA:7,(anonymous_1)
FNDA:6,(anonymous_2)
DA:3,15
DA:9,11
DA:10,11
DA:12,11
DA:13,1
DA:15,11
DA:16,1
DA:18,11
DA:19,1
DA:21,11
DA:22,1
DA:25,11
DA:26,4
DA:30,4
DA:32,7
DA:36,7
DA:39,7
DA:45,1
DA:49,1
DA:51,6
DA:59,6
DA:60,6
DA:62,6
DA:63,1
DA:67,6
DA:68,6
DA:69,1
DA:72,6
DA:73,1
DA:76,6
DA:77,1
DA:80,6
DA:81,4
DA:85,4
DA:87,2
LF:35
LH:35
BRDA:12,0,0,1
BRDA:15,1,0,1
BRDA:18,2,0,1
BRDA:21,3,0,1
BRDA:25,4,0,4
BRDA:39,5,0,1
BRDA:40,6,0,7
BRDA:40,6,1,6
BRDA:40,6,2,6
BRDA:40,6,3,6
BRDA:62,7,0,1
BRDA:68,8,0,1
BRDA:72,9,0,1
BRDA:76,10,0,1
BRDA:80,11,0,4
BRF:15
BRH:15
end_of_record
TN:
SF:src\routes\auth.routes.ts
FN:7,(anonymous_0)
FNF:1
FNH:1
FNDA:15,(anonymous_0)
DA:1,15
DA:2,15
DA:3,15
DA:4,15
DA:6,15
DA:8,15
DA:10,15
DA:20,15
DA:26,15
LF:9
LH:9
BRF:0
BRH:0
end_of_record
TN:
SF:src\routes\index.ts
FN:9,(anonymous_1)
FN:10,(anonymous_2)
FNF:2
FNH:1
FNDA:15,(anonymous_1)
FNDA:0,(anonymous_2)
DA:2,15
DA:3,15
DA:4,15
DA:5,15
DA:6,15
DA:9,15
DA:10,15
DA:11,0
DA:17,15
DA:18,15
DA:20,15
DA:21,15
DA:22,15
LF:13
LH:12
BRF:0
BRH:0
end_of_record
TN:
SF:src\routes\tweet.routes.ts
FN:8,(anonymous_0)
FNF:1
FNH:1
FNDA:15,(anonymous_0)
DA:1,15
DA:2,15
DA:3,15
DA:4,15
DA:5,15
DA:7,15
DA:9,15
DA:12,15
DA:23,15
DA:26,15
DA:33,15
DA:40,15
DA:52,15
DA:59,15
DA:66,15
DA:72,15
LF:16
LH:16
BRF:0
BRH:0
end_of_record
TN:
SF:src\routes\user.routes.ts
FN:8,(anonymous_0)
FNF:1
FNH:1
FNDA:15,(anonymous_0)
DA:1,15
DA:2,15
DA:3,15
DA:4,15
DA:5,15
DA:7,15
DA:9,15
DA:12,15
DA:15,15
DA:22,15
DA:34,15
DA:41,15
DA:47,15
LF:13
LH:13
BRF:0
BRH:0
end_of_record
TN:
SF:src\services\auth.service.ts
FN:10,(anonymous_0)
FN:53,(anonymous_1)
FN:112,(anonymous_2)
FNF:3
FNH:3
FNDA:4,(anonymous_0)
FNDA:4,(anonymous_1)
FNDA:1,(anonymous_2)
DA:1,17
DA:4,17
DA:6,17
DA:9,17
DA:11,4
DA:13,4
DA:14,4
DA:19,3
DA:21,2
DA:24,2
DA:31,1
DA:32,1
DA:34,1
DA:38,1
DA:45,1
DA:54,4
DA:56,4
DA:58,4
DA:64,3
DA:65,1
DA:72,2
DA:73,2
DA:74,2
DA:76,2
DA:77,1
DA:85,1
DA:87,1
DA:93,1
DA:96,1
DA:103,1
DA:113,1
LF:31
LH:31
BRDA:19,0,0,2
BRDA:21,1,0,1
BRDA:21,1,1,1
BRDA:64,2,0,1
BRDA:76,3,0,1
BRF:5
BRH:5
end_of_record
TN:
SF:src\services\tweet.service.ts
FN:14,(anonymous_0)
FN:58,(anonymous_1)
FN:67,(anonymous_2)
FN:78,(anonymous_3)
FN:93,(anonymous_4)
FN:124,(anonymous_5)
FN:169,(anonymous_6)
FN:221,(anonymous_7)
FN:266,(anonymous_8)
FN:323,(anonymous_9)
FN:328,(anonymous_10)
FN:354,(anonymous_11)
FN:375,(anonymous_12)
FN:387,(anonymous_13)
FN:416,(anonymous_14)
FN:432,(anonymous_15)
FN:440,(anonymous_16)
FN:448,(anonymous_17)
FN:462,(anonymous_18)
FN:470,(anonymous_19)
FN:478,(anonymous_20)
FNF:21
FNH:15
FNDA:3,(anonymous_0)
FNDA:3,(anonymous_1)
FNDA:3,(anonymous_2)
FNDA:4,(anonymous_3)
FNDA:3,(anonymous_4)
FNDA:4,(anonymous_5)
FNDA:4,(anonymous_6)
FNDA:4,(anonymous_7)
FNDA:4,(anonymous_8)
FNDA:13,(anonymous_9)
FNDA:6,(anonymous_10)
FNDA:9,(anonymous_11)
FNDA:13,(anonymous_12)
FNDA:7,(anonymous_13)
FNDA:5,(anonymous_14)
FNDA:0,(anonymous_15)
FNDA:0,(anonymous_16)
FNDA:0,(anonymous_17)
FNDA:0,(anonymous_18)
FNDA:0,(anonymous_19)
FNDA:0,(anonymous_20)
DA:2,23
DA:12,23
DA:15,3
DA:17,3
DA:19,3
DA:20,1
DA:22,1
DA:23,1
DA:31,2
DA:35,1
DA:49,1
DA:63,3
DA:72,3
DA:78,4
DA:82,3
DA:85,3
DA:94,3
DA:95,3
DA:100,2
DA:101,1
DA:108,1
DA:115,1
DA:129,4
DA:130,4
DA:132,3
DA:133,1
DA:141,2
DA:142,1
DA:148,1
DA:153,1
DA:160,1
DA:173,4
DA:174,4
DA:179,3
DA:180,1
DA:188,2
DA:189,1
DA:197,1
DA:199,1
DA:200,1
DA:201,1
DA:203,1
DA:205,1
DA:212,1
DA:222,4
DA:223,4
DA:225,3
DA:226,1
DA:234,2
DA:241,2
DA:242,1
DA:243,1
DA:246,1
DA:249,1
DA:257,1
DA:270,4
DA:271,4
DA:273,3
DA:274,1
DA:282,2
DA:290,2
DA:291,1
DA:294,1
DA:301,1
DA:305,1
DA:313,1
DA:324,13
DA:334,6
DA:336,6
DA:337,0
DA:340,6
DA:341,6
DA:349,4
DA:350,2
DA:353,2
DA:355,9
DA:359,2
DA:366,2
DA:376,13
DA:390,7
DA:395,7
DA:417,5
DA:432,0
DA:440,0
DA:448,0
DA:462,0
DA:470,0
DA:478,0
LF:88
LH:81
BRDA:19,0,0,1
BRDA:22,1,0,1
BRDA:78,2,0,3
BRDA:78,2,1,0
BRDA:82,3,0,1
BRDA:82,3,1,2
BRDA:100,4,0,1
BRDA:132,5,0,1
BRDA:141,6,0,1
BRDA:179,7,0,1
BRDA:188,8,0,1
BRDA:225,9,0,1
BRDA:241,10,0,1
BRDA:241,10,1,1
BRDA:273,11,0,1
BRDA:290,12,0,1
BRDA:290,12,1,1
BRDA:331,13,0,3
BRDA:334,14,0,1
BRDA:334,14,1,5
BRDA:334,15,0,6
BRDA:334,15,1,1
BRDA:336,16,0,0
BRDA:349,17,0,2
BRDA:349,18,0,4
BRDA:349,18,1,4
BRDA:355,19,0,4
BRDA:355,19,1,5
BRDA:398,20,0,7
BRDA:398,20,1,0
BRDA:405,21,0,0
BRDA:405,21,1,7
BRDA:409,22,0,0
BRDA:409,22,1,7
BRDA:410,23,0,0
BRDA:410,23,1,7
BRDA:411,24,0,0
BRDA:411,24,1,7
BRDA:429,25,0,5
BRDA:429,25,1,5
BRDA:430,26,0,5
BRDA:430,26,1,5
BRDA:431,27,0,5
BRDA:431,27,1,5
BRDA:452,28,0,0
BRDA:452,28,1,0
BRDA:453,29,0,0
BRDA:453,29,1,0
BRDA:459,30,0,0
BRDA:459,30,1,0
BRDA:460,31,0,0
BRDA:460,31,1,0
BRDA:461,32,0,0
BRDA:461,32,1,0
BRDA:482,33,0,0
BRDA:482,33,1,0
BRDA:483,34,0,0
BRDA:483,34,1,0
BRF:58
BRH:37
end_of_record
TN:
SF:src\services\user.service.ts
FN:9,(anonymous_0)
FN:31,(anonymous_1)
FN:50,(anonymous_2)
FN:81,(anonymous_3)
FN:176,(anonymous_4)
FN:217,(anonymous_5)
FN:291,(anonymous_6)
FN:296,(anonymous_7)
FN:328,(anonymous_8)
FN:346,(anonymous_9)
FN:375,(anonymous_10)
FN:383,(anonymous_11)
FN:391,(anonymous_12)
FNF:13
FNH:10
FNDA:4,(anonymous_0)
FNDA:15,(anonymous_1)
FNDA:3,(anonymous_2)
FNDA:7,(anonymous_3)
FNDA:4,(anonymous_4)
FNDA:6,(anonymous_5)
FNDA:22,(anonymous_6)
FNDA:3,(anonymous_7)
FNDA:16,(anonymous_8)
FNDA:1,(anonymous_9)
FNDA:0,(anonymous_10)
FNDA:0,(anonymous_11)
FNDA:0,(anonymous_12)
DA:1,20
DA:5,20
DA:7,20
DA:10,4
DA:11,4
DA:21,4
DA:23,3
DA:24,1
DA:30,2
DA:31,15
DA:34,2
DA:41,1
DA:51,3
DA:52,3
DA:57,2
DA:58,1
DA:65,1
DA:72,1
DA:82,7
DA:84,7
DA:85,7
DA:86,6
DA:87,1
DA:95,5
DA:96,1
DA:104,4
DA:105,2
DA:108,2
DA:109,1
DA:119,3
DA:120,2
DA:121,2
DA:123,2
DA:124,1
DA:131,1
DA:133,1
DA:134,1
DA:141,0
DA:144,1
DA:145,1
DA:146,1
DA:147,1
DA:150,1
DA:155,1
DA:167,1
DA:177,4
DA:178,4
DA:180,3
DA:181,1
DA:189,2
DA:190,1
DA:197,1
DA:201,1
DA:208,1
DA:221,6
DA:223,6
DA:225,5
DA:227,5
DA:228,2
DA:236,3
DA:237,1
DA:245,2
DA:255,2
DA:256,1
DA:259,1
DA:266,1
DA:273,1
DA:281,1
DA:292,22
DA:297,3
DA:329,16
DA:335,16
DA:367,1
DA:368,1
DA:375,0
DA:383,0
DA:391,0
LF:77
LH:73
BRDA:11,0,0,1
BRDA:11,0,1,3
BRDA:23,1,0,1
BRDA:57,2,0,1
BRDA:86,3,0,1
BRDA:95,4,0,1
BRDA:104,5,0,2
BRDA:108,6,0,1
BRDA:119,7,0,2
BRDA:119,8,0,3
BRDA:119,8,1,2
BRDA:123,9,0,1
BRDA:133,10,0,1
BRDA:145,11,0,0
BRDA:146,12,0,1
BRDA:147,13,0,0
BRDA:180,14,0,1
BRDA:189,15,0,1
BRDA:227,16,0,2
BRDA:227,17,0,5
BRDA:227,17,1,3
BRDA:236,18,0,1
BRDA:255,19,0,1
BRDA:255,19,1,1
BRDA:339,20,0,16
BRDA:339,20,1,0
BRDA:340,21,0,16
BRDA:340,21,1,0
BRDA:341,22,0,16
BRDA:341,22,1,0
BRDA:374,23,0,0
BRDA:374,23,1,1
BRDA:382,24,0,0
BRDA:382,24,1,1
BRDA:390,25,0,0
BRDA:390,25,1,1
BRDA:395,26,0,0
BRDA:395,26,1,0
BRF:38
BRH:28
end_of_record
TN:
SF:src\utils\bcrypt.ts
FN:4,(anonymous_1)
FN:10,(anonymous_2)
FNF:2
FNH:0
FNDA:0,(anonymous_1)
FNDA:0,(anonymous_2)
DA:1,22
DA:3,22
DA:6,0
DA:7,0
DA:12,0
DA:13,0
LF:6
LH:2
BRF:0
BRH:0
end_of_record
TN:
SF:src\utils\jwt.ts
FN:7,(anonymous_1)
FN:16,(anonymous_2)
FNF:2
FNH:2
FNDA:48,(anonymous_1)
FNDA:59,(anonymous_2)
DA:1,17
DA:3,17
DA:6,17
DA:8,48
DA:10,48
DA:14,48
DA:17,59
DA:18,59
DA:20,59
DA:21,48
DA:23,11
LF:11
LH:11
BRDA:8,0,0,0
BRDA:18,1,0,0
BRF:2
BRH:0
end_of_record
